;  LST file generated by mikroListExporter - v.2.0 
; Date/Time: 14/12/2013 07:51:05 ã
;----------------------------------------------

;Address Opcode 	ASM
0x0000	0xF003EF9A  	GOTO        1844
0x0004	0x0000      	NOP
0x0006	0x0000      	NOP
0x0008	0xF000EF00  	GOTO        0
0x000C	0x0000      	NOP
0x000E	0x0000      	NOP
0x0010	0x0000      	NOP
0x0012	0x0000      	NOP
0x0014	0x0000      	NOP
0x0016	0x0000      	NOP
0x0018	0xD7F3      	BRA         0
_SPI1_Read:
;__Lib_SPI_c345.c,67 :: 		
;__Lib_SPI_c345.c,68 :: 		
0x001C	0xFFC9C4A2  	MOVFF       FARG_SPI1_Read_buffer, SSPBUF
;__Lib_SPI_c345.c,69 :: 		
L_SPI1_Read6:
0x0020	0xB0C7      	BTFSC       SSPSTAT, 0 
0x0022	0xD002      	BRA         L_SPI1_Read7
;__Lib_SPI_c345.c,70 :: 		
0x0024	0x0000      	NOP
0x0026	0xD7FC      	BRA         L_SPI1_Read6
L_SPI1_Read7:
;__Lib_SPI_c345.c,71 :: 		
0x0028	0xF000CFC9  	MOVFF       SSPBUF, R0
;__Lib_SPI_c345.c,72 :: 		
L_end_SPI1_Read:
0x002C	0x0012      	RETURN      0
; end of _SPI1_Read
_____DoIFC:
;__Lib_System.c,93 :: 		
;__Lib_System.c,94 :: 		
0x002E	0x50F2      	MOVF        INTCON, 0, 0
;__Lib_System.c,95 :: 		
0x0030	0x6E02      	MOVWF       R2, 0
;__Lib_System.c,96 :: 		
0x0032	0x9EF2      	BCF         INTCON, 7 
;__Lib_System.c,97 :: 		
0x0034	0x0005      	PUSH
;__Lib_System.c,98 :: 		
0x0036	0x6AFF      	CLRF        TOSU, 0
;__Lib_System.c,99 :: 		
0x0038	0x5001      	MOVF        R1, 0, 0
;__Lib_System.c,100 :: 		
0x003A	0x6EFE      	MOVWF       TOSH, 0
;__Lib_System.c,101 :: 		
0x003C	0x5000      	MOVF        R0, 0, 0
;__Lib_System.c,102 :: 		
0x003E	0x6EFD      	MOVWF       TOSL, 0
;__Lib_System.c,103 :: 		
0x0040	0xBE02      	BTFSC       R2, 7, 0
;__Lib_System.c,104 :: 		
0x0042	0x8EF2      	BSF         INTCON, 7, 0
;__Lib_System.c,105 :: 		
;__Lib_System.c,107 :: 		
L_end_____DoIFC:
0x0044	0x0012      	RETURN      0
; end of _____DoIFC
__Lib_Mmc_Mmc_Select:
;__Lib_Mmc.c,53 :: 		
;__Lib_Mmc.c,55 :: 		
0x0046	0x908B      	BCF         Mmc_Chip_Select, BitPos(Mmc_Chip_Select+0) 
;__Lib_Mmc.c,65 :: 		
L_end_Mmc_Select:
0x0048	0x0012      	RETURN      0
; end of __Lib_Mmc_Mmc_Select
__Lib_Mmc_Mmc_Send_Command:
;__Lib_Mmc.c,77 :: 		
;__Lib_Mmc.c,81 :: 		
0x004A	0x0E40      	MOVLW       64
0x004C	0x0104      	MOVLB       4
0x004E	0x2599      	ADDWF       FARG___Lib_Mmc_Mmc_Send_Command_partial_cmm, 0, 1
0x0050	0x6E00      	MOVWF       R0 
0x0052	0xFFE1C480  	MOVFF       _SPI_Rd_Ptr+2, FSR1L
0x0056	0xFFE2C481  	MOVFF       _SPI_Rd_Ptr+3, FSR1H
0x005A	0xFFE6C000  	MOVFF       R0, POSTINC1
0x005E	0xF000C47E  	MOVFF       _SPI_Rd_Ptr, R0
0x0062	0xF001C47F  	MOVFF       _SPI_Rd_Ptr+1, R1
0x0066	0xDFE3      	RCALL       _____DoIFC
;__Lib_Mmc.c,82 :: 		
0x0068	0xFFE1C480  	MOVFF       _SPI_Rd_Ptr+2, FSR1L
0x006C	0xFFE2C481  	MOVFF       _SPI_Rd_Ptr+3, FSR1H
0x0070	0xFFE6C49D  	MOVFF       FARG___Lib_Mmc_Mmc_Send_Command_content+3, POSTINC1
0x0074	0xF000C47E  	MOVFF       _SPI_Rd_Ptr, R0
0x0078	0xF001C47F  	MOVFF       _SPI_Rd_Ptr+1, R1
0x007C	0xDFD8      	RCALL       _____DoIFC
;__Lib_Mmc.c,83 :: 		
0x007E	0xFFE1C480  	MOVFF       _SPI_Rd_Ptr+2, FSR1L
0x0082	0xFFE2C481  	MOVFF       _SPI_Rd_Ptr+3, FSR1H
0x0086	0xFFE6C49C  	MOVFF       FARG___Lib_Mmc_Mmc_Send_Command_content+2, POSTINC1
0x008A	0xF000C47E  	MOVFF       _SPI_Rd_Ptr, R0
0x008E	0xF001C47F  	MOVFF       _SPI_Rd_Ptr+1, R1
0x0092	0xDFCD      	RCALL       _____DoIFC
;__Lib_Mmc.c,84 :: 		
0x0094	0xFFE1C480  	MOVFF       _SPI_Rd_Ptr+2, FSR1L
0x0098	0xFFE2C481  	MOVFF       _SPI_Rd_Ptr+3, FSR1H
0x009C	0xFFE6C49B  	MOVFF       FARG___Lib_Mmc_Mmc_Send_Command_content+1, POSTINC1
0x00A0	0xF000C47E  	MOVFF       _SPI_Rd_Ptr, R0
0x00A4	0xF001C47F  	MOVFF       _SPI_Rd_Ptr+1, R1
0x00A8	0xDFC2      	RCALL       _____DoIFC
;__Lib_Mmc.c,85 :: 		
0x00AA	0xFFE1C480  	MOVFF       _SPI_Rd_Ptr+2, FSR1L
0x00AE	0xFFE2C481  	MOVFF       _SPI_Rd_Ptr+3, FSR1H
0x00B2	0xFFE6C49A  	MOVFF       FARG___Lib_Mmc_Mmc_Send_Command_content, POSTINC1
0x00B6	0xF000C47E  	MOVFF       _SPI_Rd_Ptr, R0
0x00BA	0xF001C47F  	MOVFF       _SPI_Rd_Ptr+1, R1
0x00BE	0xDFB7      	RCALL       _____DoIFC
;__Lib_Mmc.c,86 :: 		
0x00C0	0xFFE1C480  	MOVFF       _SPI_Rd_Ptr+2, FSR1L
0x00C4	0xFFE2C481  	MOVFF       _SPI_Rd_Ptr+3, FSR1H
0x00C8	0xFFE6C49E  	MOVFF       FARG___Lib_Mmc_Mmc_Send_Command_crc, POSTINC1
0x00CC	0xF000C47E  	MOVFF       _SPI_Rd_Ptr, R0
0x00D0	0xF001C47F  	MOVFF       _SPI_Rd_Ptr+1, R1
0x00D4	0xDFAC      	RCALL       _____DoIFC
;__Lib_Mmc.c,89 :: 		
0x00D6	0x0104      	MOVLB       4
0x00D8	0x6BA0      	CLRF        __Lib_Mmc_Mmc_Send_Command_timeout_L0, 1
0x00DA	0x6BA1      	CLRF        __Lib_Mmc_Mmc_Send_Command_timeout_L0+1, 1
;__Lib_Mmc.c,90 :: 		
L___Lib_Mmc_Mmc_Send_Command0:
;__Lib_Mmc.c,91 :: 		
0x00DC	0xFFE1C480  	MOVFF       _SPI_Rd_Ptr+2, FSR1L
0x00E0	0xFFE2C481  	MOVFF       _SPI_Rd_Ptr+3, FSR1H
0x00E4	0x0EFF      	MOVLW       255
0x00E6	0x6EE6      	MOVWF       POSTINC1 
0x00E8	0xF000C47E  	MOVFF       _SPI_Rd_Ptr, R0
0x00EC	0xF001C47F  	MOVFF       _SPI_Rd_Ptr+1, R1
0x00F0	0xDF9E      	RCALL       _____DoIFC
0x00F2	0xF49FC000  	MOVFF       R0, __Lib_Mmc_Mmc_Send_Command_response_L0
;__Lib_Mmc.c,92 :: 		
0x00F6	0x0104      	MOVLB       4
0x00F8	0x4BA0      	INFSNZ      __Lib_Mmc_Mmc_Send_Command_timeout_L0, 1, 1
0x00FA	0x2BA1      	INCF        __Lib_Mmc_Mmc_Send_Command_timeout_L0+1, 1, 1
;__Lib_Mmc.c,93 :: 		
0x00FC	0x0E80      	MOVLW       128
0x00FE	0x1400      	ANDWF       R0, 0 
0x0100	0x6E01      	MOVWF       R1 
0x0102	0x5001      	MOVF        R1, 0 
0x0104	0x0A00      	XORLW       0
0x0106	0xE007      	BZ          L___Lib_Mmc_Mmc_Send_Command75
0x0108	0x0E00      	MOVLW       0
0x010A	0x5DA1      	SUBWF       __Lib_Mmc_Mmc_Send_Command_timeout_L0+1, 0, 1
0x010C	0xE102      	BNZ         L___Lib_Mmc_Mmc_Send_Command80
0x010E	0x0E64      	MOVLW       100
0x0110	0x5DA0      	SUBWF       __Lib_Mmc_Mmc_Send_Command_timeout_L0, 0, 1
L___Lib_Mmc_Mmc_Send_Command80:
0x0112	0xE201      	BC          L___Lib_Mmc_Mmc_Send_Command75
0x0114	0xD7E3      	BRA         L___Lib_Mmc_Mmc_Send_Command0
L___Lib_Mmc_Mmc_Send_Command75:
;__Lib_Mmc.c,95 :: 		
0x0116	0xF000C49F  	MOVFF       __Lib_Mmc_Mmc_Send_Command_response_L0, R0
;__Lib_Mmc.c,96 :: 		
L_end_Mmc_Send_Command:
0x011A	0x0012      	RETURN      0
; end of __Lib_Mmc_Mmc_Send_Command
__Lib_Mmc_Mmc_DeSelect:
;__Lib_Mmc.c,67 :: 		
;__Lib_Mmc.c,69 :: 		
0x011C	0x808B      	BSF         Mmc_Chip_Select, BitPos(Mmc_Chip_Select+0) 
;__Lib_Mmc.c,73 :: 		
0x011E	0xFFE1C480  	MOVFF       _SPI_Rd_Ptr+2, FSR1L
0x0122	0xFFE2C481  	MOVFF       _SPI_Rd_Ptr+3, FSR1H
0x0126	0x0EFF      	MOVLW       255
0x0128	0x6EE6      	MOVWF       POSTINC1 
0x012A	0xF000C47E  	MOVFF       _SPI_Rd_Ptr, R0
0x012E	0xF001C47F  	MOVFF       _SPI_Rd_Ptr+1, R1
0x0132	0xDF7D      	RCALL       _____DoIFC
;__Lib_Mmc.c,74 :: 		
L_end_Mmc_DeSelect:
0x0134	0x0012      	RETURN      0
; end of __Lib_Mmc_Mmc_DeSelect
_UART1_Write:
;__Lib_UART_c67.c,58 :: 		
;__Lib_UART_c67.c,59 :: 		
L_UART1_Write3:
0x0136	0xB2AC      	BTFSC       TXSTA, 1 
0x0138	0xD002      	BRA         L_UART1_Write4
;__Lib_UART_c67.c,60 :: 		
0x013A	0x0000      	NOP
0x013C	0xD7FC      	BRA         L_UART1_Write3
L_UART1_Write4:
;__Lib_UART_c67.c,61 :: 		
0x013E	0xFFADC494  	MOVFF       FARG_UART1_Write_data_, TXREG
;__Lib_UART_c67.c,62 :: 		
L_end_UART1_Write:
0x0142	0x0012      	RETURN      0
; end of _UART1_Write
__Lib_Mmc_Mmc_UnIdle:
;__Lib_Mmc.c,98 :: 		
;__Lib_Mmc.c,102 :: 		
0x0144	0x0104      	MOVLB       4
0x0146	0x6B95      	CLRF        __Lib_Mmc_Mmc_UnIdle_cnt_L0, 1
0x0148	0x6B96      	CLRF        __Lib_Mmc_Mmc_UnIdle_cnt_L0+1, 1
L___Lib_Mmc_Mmc_UnIdle5:
0x014A	0x0E27      	MOVLW       39
0x014C	0x5D96      	SUBWF       __Lib_Mmc_Mmc_UnIdle_cnt_L0+1, 0, 1
0x014E	0xE102      	BNZ         L___Lib_Mmc_Mmc_UnIdle82
0x0150	0x0E10      	MOVLW       16
0x0152	0x5D95      	SUBWF       __Lib_Mmc_Mmc_UnIdle_cnt_L0, 0, 1
L___Lib_Mmc_Mmc_UnIdle82:
0x0154	0xB0D8      	BTFSC       STATUS, 0 
0x0156	0xD09A      	BRA         L___Lib_Mmc_Mmc_UnIdle6
;__Lib_Mmc.c,103 :: 		
0x0158	0x0E00      	MOVLW       0
0x015A	0x0A00      	XORLW       0
0x015C	0xE102      	BNZ         L___Lib_Mmc_Mmc_UnIdle83
0x015E	0x0E00      	MOVLW       0
0x0160	0x1994      	XORWF       FARG___Lib_Mmc_Mmc_UnIdle_ctype, 0, 1
L___Lib_Mmc_Mmc_UnIdle83:
0x0162	0xE115      	BNZ         L___Lib_Mmc_Mmc_UnIdle8
;__Lib_Mmc.c,104 :: 		
0x0164	0xDF70      	RCALL       __Lib_Mmc_Mmc_Select
;__Lib_Mmc.c,106 :: 		
0x0166	0x0E01      	MOVLW       1
0x0168	0x6F99      	MOVWF       FARG___Lib_Mmc_Mmc_Send_Command_partial_cmm, 1
0x016A	0x6B9A      	CLRF        FARG___Lib_Mmc_Mmc_Send_Command_content, 1
0x016C	0x6B9B      	CLRF        FARG___Lib_Mmc_Mmc_Send_Command_content+1, 1
0x016E	0x6B9C      	CLRF        FARG___Lib_Mmc_Mmc_Send_Command_content+2, 1
0x0170	0x6B9D      	CLRF        FARG___Lib_Mmc_Mmc_Send_Command_content+3, 1
0x0172	0x0EFF      	MOVLW       255
0x0174	0x6F9E      	MOVWF       FARG___Lib_Mmc_Mmc_Send_Command_crc, 1
0x0176	0xDF69      	RCALL       __Lib_Mmc_Mmc_Send_Command
0x0178	0xF497C000  	MOVFF       R0, __Lib_Mmc_Mmc_UnIdle_response_L0
;__Lib_Mmc.c,107 :: 		
0x017C	0xDFCF      	RCALL       __Lib_Mmc_Mmc_DeSelect
;__Lib_Mmc.c,108 :: 		
0x017E	0x0104      	MOVLB       4
0x0180	0x5197      	MOVF        __Lib_Mmc_Mmc_UnIdle_response_L0, 0, 1
0x0182	0x0A00      	XORLW       0
0x0184	0xE103      	BNZ         L___Lib_Mmc_Mmc_UnIdle9
;__Lib_Mmc.c,110 :: 		
0x0186	0x6A6D      	CLRF        __Lib_Mmc_cardType 
;__Lib_Mmc.c,111 :: 		
0x0188	0x6A00      	CLRF        R0 
0x018A	0xD082      	BRA         L_end_Mmc_UnIdle
;__Lib_Mmc.c,112 :: 		
L___Lib_Mmc_Mmc_UnIdle9:
;__Lib_Mmc.c,113 :: 		
0x018C	0xD07C      	BRA         L___Lib_Mmc_Mmc_UnIdle10
L___Lib_Mmc_Mmc_UnIdle8:
;__Lib_Mmc.c,115 :: 		
0x018E	0xDF5B      	RCALL       __Lib_Mmc_Mmc_Select
;__Lib_Mmc.c,118 :: 		
0x0190	0x0E37      	MOVLW       55
0x0192	0x6F99      	MOVWF       FARG___Lib_Mmc_Mmc_Send_Command_partial_cmm, 1
0x0194	0x6B9A      	CLRF        FARG___Lib_Mmc_Mmc_Send_Command_content, 1
0x0196	0x6B9B      	CLRF        FARG___Lib_Mmc_Mmc_Send_Command_content+1, 1
0x0198	0x6B9C      	CLRF        FARG___Lib_Mmc_Mmc_Send_Command_content+2, 1
0x019A	0x6B9D      	CLRF        FARG___Lib_Mmc_Mmc_Send_Command_content+3, 1
0x019C	0x0EFF      	MOVLW       255
0x019E	0x6F9E      	MOVWF       FARG___Lib_Mmc_Mmc_Send_Command_crc, 1
0x01A0	0xDF54      	RCALL       __Lib_Mmc_Mmc_Send_Command
0x01A2	0xF497C000  	MOVFF       R0, __Lib_Mmc_Mmc_UnIdle_response_L0
;__Lib_Mmc.c,119 :: 		
0x01A6	0xDFBA      	RCALL       __Lib_Mmc_Mmc_DeSelect
;__Lib_Mmc.c,120 :: 		
0x01A8	0x0104      	MOVLB       4
0x01AA	0x5197      	MOVF        __Lib_Mmc_Mmc_UnIdle_response_L0, 0, 1
0x01AC	0x0A01      	XORLW       1
0x01AE	0xA4D8      	BTFSS       STATUS, 2 
0x01B0	0xD069      	BRA         L___Lib_Mmc_Mmc_UnIdle11
;__Lib_Mmc.c,122 :: 		
0x01B2	0xDF49      	RCALL       __Lib_Mmc_Mmc_Select
;__Lib_Mmc.c,124 :: 		
0x01B4	0x0E29      	MOVLW       41
0x01B6	0x6F99      	MOVWF       FARG___Lib_Mmc_Mmc_Send_Command_partial_cmm, 1
0x01B8	0x0E00      	MOVLW       0
0x01BA	0x6F9A      	MOVWF       FARG___Lib_Mmc_Mmc_Send_Command_content, 1
0x01BC	0x0E00      	MOVLW       0
0x01BE	0x6F9B      	MOVWF       FARG___Lib_Mmc_Mmc_Send_Command_content+1, 1
0x01C0	0x0E00      	MOVLW       0
0x01C2	0x6F9C      	MOVWF       FARG___Lib_Mmc_Mmc_Send_Command_content+2, 1
0x01C4	0x0E40      	MOVLW       64
0x01C6	0x6F9D      	MOVWF       FARG___Lib_Mmc_Mmc_Send_Command_content+3, 1
0x01C8	0x0EFF      	MOVLW       255
0x01CA	0x6F9E      	MOVWF       FARG___Lib_Mmc_Mmc_Send_Command_crc, 1
0x01CC	0xDF3E      	RCALL       __Lib_Mmc_Mmc_Send_Command
0x01CE	0xF497C000  	MOVFF       R0, __Lib_Mmc_Mmc_UnIdle_response_L0
;__Lib_Mmc.c,125 :: 		
0x01D2	0xDFA4      	RCALL       __Lib_Mmc_Mmc_DeSelect
;__Lib_Mmc.c,126 :: 		
0x01D4	0x0104      	MOVLB       4
0x01D6	0x5197      	MOVF        __Lib_Mmc_Mmc_UnIdle_response_L0, 0, 1
0x01D8	0x0A00      	XORLW       0
0x01DA	0xE153      	BNZ         L___Lib_Mmc_Mmc_UnIdle12
;__Lib_Mmc.c,127 :: 		
0x01DC	0x0E00      	MOVLW       0
0x01DE	0x0A00      	XORLW       0
0x01E0	0xE102      	BNZ         L___Lib_Mmc_Mmc_UnIdle84
0x01E2	0x0E02      	MOVLW       2
0x01E4	0x1994      	XORWF       FARG___Lib_Mmc_Mmc_UnIdle_ctype, 0, 1
L___Lib_Mmc_Mmc_UnIdle84:
0x01E6	0xE149      	BNZ         L___Lib_Mmc_Mmc_UnIdle13
;__Lib_Mmc.c,128 :: 		
0x01E8	0xDF2E      	RCALL       __Lib_Mmc_Mmc_Select
;__Lib_Mmc.c,129 :: 		
0x01EA	0x0E3A      	MOVLW       58
0x01EC	0x6F99      	MOVWF       FARG___Lib_Mmc_Mmc_Send_Command_partial_cmm, 1
0x01EE	0x6B9A      	CLRF        FARG___Lib_Mmc_Mmc_Send_Command_content, 1
0x01F0	0x6B9B      	CLRF        FARG___Lib_Mmc_Mmc_Send_Command_content+1, 1
0x01F2	0x6B9C      	CLRF        FARG___Lib_Mmc_Mmc_Send_Command_content+2, 1
0x01F4	0x6B9D      	CLRF        FARG___Lib_Mmc_Mmc_Send_Command_content+3, 1
0x01F6	0x0EFF      	MOVLW       255
0x01F8	0x6F9E      	MOVWF       FARG___Lib_Mmc_Mmc_Send_Command_crc, 1
0x01FA	0xDF27      	RCALL       __Lib_Mmc_Mmc_Send_Command
0x01FC	0xF497C000  	MOVFF       R0, __Lib_Mmc_Mmc_UnIdle_response_L0
;__Lib_Mmc.c,130 :: 		
0x0200	0xFFE1C480  	MOVFF       _SPI_Rd_Ptr+2, FSR1L
0x0204	0xFFE2C481  	MOVFF       _SPI_Rd_Ptr+3, FSR1H
0x0208	0x0EFF      	MOVLW       255
0x020A	0x6EE6      	MOVWF       POSTINC1 
0x020C	0xF000C47E  	MOVFF       _SPI_Rd_Ptr, R0
0x0210	0xF001C47F  	MOVFF       _SPI_Rd_Ptr+1, R1
0x0214	0xDF0C      	RCALL       _____DoIFC
0x0216	0xF498C000  	MOVFF       R0, __Lib_Mmc_Mmc_UnIdle_response2_L0
;__Lib_Mmc.c,131 :: 		
0x021A	0xFFE1C480  	MOVFF       _SPI_Rd_Ptr+2, FSR1L
0x021E	0xFFE2C481  	MOVFF       _SPI_Rd_Ptr+3, FSR1H
0x0222	0x0EFF      	MOVLW       255
0x0224	0x6EE6      	MOVWF       POSTINC1 
0x0226	0xF000C47E  	MOVFF       _SPI_Rd_Ptr, R0
0x022A	0xF001C47F  	MOVFF       _SPI_Rd_Ptr+1, R1
0x022E	0xDEFF      	RCALL       _____DoIFC
;__Lib_Mmc.c,132 :: 		
0x0230	0xFFE1C480  	MOVFF       _SPI_Rd_Ptr+2, FSR1L
0x0234	0xFFE2C481  	MOVFF       _SPI_Rd_Ptr+3, FSR1H
0x0238	0x0EFF      	MOVLW       255
0x023A	0x6EE6      	MOVWF       POSTINC1 
0x023C	0xF000C47E  	MOVFF       _SPI_Rd_Ptr, R0
0x0240	0xF001C47F  	MOVFF       _SPI_Rd_Ptr+1, R1
0x0244	0xDEF4      	RCALL       _____DoIFC
;__Lib_Mmc.c,133 :: 		
0x0246	0xFFE1C480  	MOVFF       _SPI_Rd_Ptr+2, FSR1L
0x024A	0xFFE2C481  	MOVFF       _SPI_Rd_Ptr+3, FSR1H
0x024E	0x0EFF      	MOVLW       255
0x0250	0x6EE6      	MOVWF       POSTINC1 
0x0252	0xF000C47E  	MOVFF       _SPI_Rd_Ptr, R0
0x0256	0xF001C47F  	MOVFF       _SPI_Rd_Ptr+1, R1
0x025A	0xDEE9      	RCALL       _____DoIFC
;__Lib_Mmc.c,134 :: 		
0x025C	0xDF5F      	RCALL       __Lib_Mmc_Mmc_DeSelect
;__Lib_Mmc.c,135 :: 		
0x025E	0x0104      	MOVLB       4
0x0260	0x5197      	MOVF        __Lib_Mmc_Mmc_UnIdle_response_L0, 0, 1
0x0262	0x0A00      	XORLW       0
0x0264	0xE109      	BNZ         L___Lib_Mmc_Mmc_UnIdle14
;__Lib_Mmc.c,136 :: 		
0x0266	0xAD98      	BTFSS       __Lib_Mmc_Mmc_UnIdle_response2_L0, 6, 1
0x0268	0xD003      	BRA         L___Lib_Mmc_Mmc_UnIdle15
;__Lib_Mmc.c,138 :: 		
0x026A	0x0E04      	MOVLW       4
0x026C	0x6E6D      	MOVWF       __Lib_Mmc_cardType 
0x026E	0xD002      	BRA         L___Lib_Mmc_Mmc_UnIdle16
L___Lib_Mmc_Mmc_UnIdle15:
;__Lib_Mmc.c,141 :: 		
0x0270	0x0E03      	MOVLW       3
0x0272	0x6E6D      	MOVWF       __Lib_Mmc_cardType 
L___Lib_Mmc_Mmc_UnIdle16:
;__Lib_Mmc.c,142 :: 		
0x0274	0x6A00      	CLRF        R0 
0x0276	0xD00C      	BRA         L_end_Mmc_UnIdle
;__Lib_Mmc.c,143 :: 		
L___Lib_Mmc_Mmc_UnIdle14:
;__Lib_Mmc.c,144 :: 		
0x0278	0xD004      	BRA         L___Lib_Mmc_Mmc_UnIdle17
L___Lib_Mmc_Mmc_UnIdle13:
;__Lib_Mmc.c,146 :: 		
0x027A	0x0E01      	MOVLW       1
0x027C	0x6E6D      	MOVWF       __Lib_Mmc_cardType 
;__Lib_Mmc.c,147 :: 		
0x027E	0x6A00      	CLRF        R0 
0x0280	0xD007      	BRA         L_end_Mmc_UnIdle
;__Lib_Mmc.c,148 :: 		
L___Lib_Mmc_Mmc_UnIdle17:
;__Lib_Mmc.c,149 :: 		
L___Lib_Mmc_Mmc_UnIdle12:
;__Lib_Mmc.c,150 :: 		
0x0282	0xD001      	BRA         L___Lib_Mmc_Mmc_UnIdle18
L___Lib_Mmc_Mmc_UnIdle11:
;__Lib_Mmc.c,153 :: 		
0x0284	0xD003      	BRA         L___Lib_Mmc_Mmc_UnIdle6
;__Lib_Mmc.c,154 :: 		
L___Lib_Mmc_Mmc_UnIdle18:
;__Lib_Mmc.c,155 :: 		
L___Lib_Mmc_Mmc_UnIdle10:
;__Lib_Mmc.c,102 :: 		
0x0286	0x4B95      	INFSNZ      __Lib_Mmc_Mmc_UnIdle_cnt_L0, 1, 1
0x0288	0x2B96      	INCF        __Lib_Mmc_Mmc_UnIdle_cnt_L0+1, 1, 1
;__Lib_Mmc.c,156 :: 		
0x028A	0xD75F      	BRA         L___Lib_Mmc_Mmc_UnIdle5
L___Lib_Mmc_Mmc_UnIdle6:
;__Lib_Mmc.c,157 :: 		
0x028C	0x0E01      	MOVLW       1
0x028E	0x6E00      	MOVWF       R0 
;__Lib_Mmc.c,158 :: 		
L_end_Mmc_UnIdle:
0x0290	0x0012      	RETURN      0
; end of __Lib_Mmc_Mmc_UnIdle
_UART1_Write_Text:
;__Lib_UART_c67.c,66 :: 		
;__Lib_UART_c67.c,67 :: 		
0x0292	0x0104      	MOVLB       4
0x0294	0x6B89      	CLRF        UART1_Write_Text_counter_L0, 1
;__Lib_UART_c67.c,69 :: 		
0x0296	0xFFE9C486  	MOVFF       FARG_UART1_Write_Text_uart_text, FSR0L
0x029A	0xFFEAC487  	MOVFF       FARG_UART1_Write_Text_uart_text+1, FSR0H
0x029E	0xF488CFEE  	MOVFF       POSTINC0, UART1_Write_Text_data__L0
;__Lib_UART_c67.c,70 :: 		
L_UART1_Write_Text5:
0x02A2	0x5188      	MOVF        UART1_Write_Text_data__L0, 0, 1
0x02A4	0x0A00      	XORLW       0
0x02A6	0xE00E      	BZ          L_UART1_Write_Text6
;__Lib_UART_c67.c,71 :: 		
0x02A8	0xF494C488  	MOVFF       UART1_Write_Text_data__L0, FARG_UART1_Write_data_
0x02AC	0xDF44      	RCALL       _UART1_Write
;__Lib_UART_c67.c,72 :: 		
0x02AE	0x0104      	MOVLB       4
0x02B0	0x2B89      	INCF        UART1_Write_Text_counter_L0, 1, 1
;__Lib_UART_c67.c,73 :: 		
0x02B2	0x5189      	MOVF        UART1_Write_Text_counter_L0, 0, 1
0x02B4	0x2586      	ADDWF       FARG_UART1_Write_Text_uart_text, 0, 1
0x02B6	0x6EE9      	MOVWF       FSR0L 
0x02B8	0x0E00      	MOVLW       0
0x02BA	0x2187      	ADDWFC      FARG_UART1_Write_Text_uart_text+1, 0, 1
0x02BC	0x6EEA      	MOVWF       FSR0H 
0x02BE	0xF488CFEE  	MOVFF       POSTINC0, UART1_Write_Text_data__L0
;__Lib_UART_c67.c,74 :: 		
0x02C2	0xD7EF      	BRA         L_UART1_Write_Text5
L_UART1_Write_Text6:
;__Lib_UART_c67.c,75 :: 		
L_end_UART1_Write_Text:
0x02C4	0x0012      	RETURN      0
; end of _UART1_Write_Text
_SPI1_Init:
;__Lib_SPI_c345.c,23 :: 		
;__Lib_SPI_c345.c,24 :: 		
0x02C6	0x0E1C      	MOVLW       _SPI1_Read
0x02C8	0x0104      	MOVLB       4
0x02CA	0x6F7E      	MOVWF       _SPI_Rd_Ptr, 1
0x02CC	0x0E00      	MOVLW       hi_addr(_SPI1_Read)
0x02CE	0x6F7F      	MOVWF       _SPI_Rd_Ptr+1, 1
0x02D0	0x0EA2      	MOVLW       FARG_SPI1_Read_buffer
0x02D2	0x6F80      	MOVWF       _SPI_Rd_Ptr+2, 1
0x02D4	0x0E04      	MOVLW       hi_addr(FARG_SPI1_Read_buffer)
0x02D6	0x6F81      	MOVWF       _SPI_Rd_Ptr+3, 1
;__Lib_SPI_c345.c,25 :: 		
0x02D8	0x0EFF      	MOVLW       _SPI1_Write
0x02DA	0x6F82      	MOVWF       _SPI_Wr_Ptr, 1
0x02DC	0x0EFF      	MOVLW       hi_addr(_SPI1_Write)
0x02DE	0x6F83      	MOVWF       _SPI_Wr_Ptr+1, 1
0x02E0	0x0EFF      	MOVLW       FARG_SPI1_Write_data_
0x02E2	0x6F84      	MOVWF       _SPI_Wr_Ptr+2, 1
0x02E4	0x0EFF      	MOVLW       hi_addr(FARG_SPI1_Write_data_)
0x02E6	0x6F85      	MOVWF       _SPI_Wr_Ptr+3, 1
;__Lib_SPI_c345.c,27 :: 		
0x02E8	0x9A94      	BCF         TRISC5_bit, 5 
;__Lib_SPI_c345.c,28 :: 		
0x02EA	0x9694      	BCF         TRISC3_bit, 3 
;__Lib_SPI_c345.c,29 :: 		
0x02EC	0x8894      	BSF         TRISC4_bit, 4 
;__Lib_SPI_c345.c,31 :: 		
0x02EE	0x6AC6      	CLRF        SSPCON1 
;__Lib_SPI_c345.c,32 :: 		
0x02F0	0x0E40      	MOVLW       64
0x02F2	0x6EC7      	MOVWF       SSPSTAT 
;__Lib_SPI_c345.c,33 :: 		
0x02F4	0x8AC6      	BSF         SSPCON1, 5 
;__Lib_SPI_c345.c,35 :: 		
L_end_SPI1_Init:
0x02F6	0x0012      	RETURN      0
; end of _SPI1_Init
___CC2DW:
;__Lib_System.c,21 :: 		
;__Lib_System.c,23 :: 		
_CC2DL_Loop1:
;__Lib_System.c,24 :: 		
0x02F8	0x0009      	TBLRD*+
;__Lib_System.c,25 :: 		
0x02FA	0xFFE6CFF5  	MOVFF       TABLAT, POSTINC1
;__Lib_System.c,26 :: 		
0x02FE	0x0600      	DECF        R0, 1, 0
;__Lib_System.c,27 :: 		
0x0300	0xE1FB      	BNZ         _CC2DL_Loop1
;__Lib_System.c,28 :: 		
0x0302	0x0601      	DECF        R1, 1, 0
;__Lib_System.c,29 :: 		
0x0304	0xE1F9      	BNZ         _CC2DL_Loop1
;__Lib_System.c,31 :: 		
L_end___CC2DW:
0x0306	0x0012      	RETURN      0
; end of ___CC2DW
_UART1_Init:
;__Lib_UART_c67.c,15 :: 		
;__Lib_UART_c67.c,18 :: 		
0x0308	0x0E36      	MOVLW       _UART1_Write
0x030A	0x0104      	MOVLB       4
0x030C	0x6F7A      	MOVWF       _UART_Wr_Ptr, 1
0x030E	0x0E01      	MOVLW       hi_addr(_UART1_Write)
0x0310	0x6F7B      	MOVWF       _UART_Wr_Ptr+1, 1
0x0312	0x0E94      	MOVLW       FARG_UART1_Write_data_
0x0314	0x6F7C      	MOVWF       _UART_Wr_Ptr+2, 1
0x0316	0x0E04      	MOVLW       hi_addr(FARG_UART1_Write_data_)
0x0318	0x6F7D      	MOVWF       _UART_Wr_Ptr+3, 1
;__Lib_UART_c67.c,19 :: 		
0x031A	0x0EFF      	MOVLW       _UART1_Read
0x031C	0x6F6E      	MOVWF       _UART_Rd_Ptr, 1
0x031E	0x0EFF      	MOVLW       hi_addr(_UART1_Read)
0x0320	0x6F6F      	MOVWF       _UART_Rd_Ptr+1, 1
0x0322	0x0E00      	MOVLW       0
0x0324	0x6F70      	MOVWF       _UART_Rd_Ptr+2, 1
0x0326	0x0E00      	MOVLW       0
0x0328	0x6F71      	MOVWF       _UART_Rd_Ptr+3, 1
;__Lib_UART_c67.c,20 :: 		
0x032A	0x0EFF      	MOVLW       _UART1_Data_Ready
0x032C	0x6F72      	MOVWF       _UART_Rdy_Ptr, 1
0x032E	0x0EFF      	MOVLW       hi_addr(_UART1_Data_Ready)
0x0330	0x6F73      	MOVWF       _UART_Rdy_Ptr+1, 1
0x0332	0x0E00      	MOVLW       0
0x0334	0x6F74      	MOVWF       _UART_Rdy_Ptr+2, 1
0x0336	0x0E00      	MOVLW       0
0x0338	0x6F75      	MOVWF       _UART_Rdy_Ptr+3, 1
;__Lib_UART_c67.c,21 :: 		
0x033A	0x0EFF      	MOVLW       _UART1_Tx_Idle
0x033C	0x6F76      	MOVWF       _UART_Tx_Idle_Ptr, 1
0x033E	0x0EFF      	MOVLW       hi_addr(_UART1_Tx_Idle)
0x0340	0x6F77      	MOVWF       _UART_Tx_Idle_Ptr+1, 1
0x0342	0x0E00      	MOVLW       0
0x0344	0x6F78      	MOVWF       _UART_Tx_Idle_Ptr+2, 1
0x0346	0x0E00      	MOVLW       0
0x0348	0x6F79      	MOVWF       _UART_Tx_Idle_Ptr+3, 1
;__Lib_UART_c67.c,23 :: 		
0x034A	0x8AAC      	BSF         TXSTA, 5 
;__Lib_UART_c67.c,24 :: 		
0x034C	0x0E90      	MOVLW       144
0x034E	0x6EAB      	MOVWF       RCSTA 
;__Lib_UART_c67.c,25 :: 		
0x0350	0x8E94      	BSF         TRISC7_bit, 7 
;__Lib_UART_c67.c,26 :: 		
0x0352	0x9C94      	BCF         TRISC6_bit, 6 
;__Lib_UART_c67.c,28 :: 		
L_UART1_Init0:
0x0354	0xAA9E      	BTFSS       PIR1, 5 
0x0356	0xD003      	BRA         L_UART1_Init1
;__Lib_UART_c67.c,29 :: 		
0x0358	0xF000CFAE  	MOVFF       RCREG, R0
0x035C	0xD7FB      	BRA         L_UART1_Init0
L_UART1_Init1:
;__Lib_UART_c67.c,30 :: 		
L_end_UART1_Init:
0x035E	0x0012      	RETURN      0
; end of _UART1_Init
_Mmc_Write_Sector:
;__Lib_Mmc.c,276 :: 		
;__Lib_Mmc.c,280 :: 		
0x0360	0xDE72      	RCALL       __Lib_Mmc_Mmc_Select
;__Lib_Mmc.c,282 :: 		
0x0362	0x0E00      	MOVLW       0
0x0364	0x0A00      	XORLW       0
0x0366	0xE102      	BNZ         L__Mmc_Write_Sector95
0x0368	0x0E04      	MOVLW       4
0x036A	0x186D      	XORWF       __Lib_Mmc_cardType, 0 
L__Mmc_Write_Sector95:
0x036C	0xE109      	BNZ         L_Mmc_Write_Sector37
;__Lib_Mmc.c,283 :: 		
0x036E	0xF48EC486  	MOVFF       FARG_Mmc_Write_Sector_sector, Mmc_Write_Sector_byte_start_L0
0x0372	0xF48FC487  	MOVFF       FARG_Mmc_Write_Sector_sector+1, Mmc_Write_Sector_byte_start_L0+1
0x0376	0xF490C488  	MOVFF       FARG_Mmc_Write_Sector_sector+2, Mmc_Write_Sector_byte_start_L0+2
0x037A	0xF491C489  	MOVFF       FARG_Mmc_Write_Sector_sector+3, Mmc_Write_Sector_byte_start_L0+3
0x037E	0xD014      	BRA         L_Mmc_Write_Sector38
L_Mmc_Write_Sector37:
;__Lib_Mmc.c,285 :: 		
0x0380	0x0E09      	MOVLW       9
0x0382	0x6E00      	MOVWF       R0 
0x0384	0xF48EC486  	MOVFF       FARG_Mmc_Write_Sector_sector, Mmc_Write_Sector_byte_start_L0
0x0388	0xF48FC487  	MOVFF       FARG_Mmc_Write_Sector_sector+1, Mmc_Write_Sector_byte_start_L0+1
0x038C	0xF490C488  	MOVFF       FARG_Mmc_Write_Sector_sector+2, Mmc_Write_Sector_byte_start_L0+2
0x0390	0xF491C489  	MOVFF       FARG_Mmc_Write_Sector_sector+3, Mmc_Write_Sector_byte_start_L0+3
0x0394	0x5000      	MOVF        R0, 0 
L__Mmc_Write_Sector96:
0x0396	0xE008      	BZ          L__Mmc_Write_Sector97
0x0398	0x0104      	MOVLB       4
0x039A	0x378E      	RLCF        Mmc_Write_Sector_byte_start_L0, 1, 1
0x039C	0x918E      	BCF         Mmc_Write_Sector_byte_start_L0, 0, 1
0x039E	0x378F      	RLCF        Mmc_Write_Sector_byte_start_L0+1, 1, 1
0x03A0	0x3790      	RLCF        Mmc_Write_Sector_byte_start_L0+2, 1, 1
0x03A2	0x3791      	RLCF        Mmc_Write_Sector_byte_start_L0+3, 1, 1
0x03A4	0x0FFF      	ADDLW       255
0x03A6	0xD7F7      	BRA         L__Mmc_Write_Sector96
L__Mmc_Write_Sector97:
L_Mmc_Write_Sector38:
0x03A8	0x0104      	MOVLB       4
;__Lib_Mmc.c,288 :: 		
0x03AA	0x0E18      	MOVLW       24
0x03AC	0x6F99      	MOVWF       FARG___Lib_Mmc_Mmc_Send_Command_partial_cmm, 1
0x03AE	0xF49AC48E  	MOVFF       Mmc_Write_Sector_byte_start_L0, FARG___Lib_Mmc_Mmc_Send_Command_content
0x03B2	0xF49BC48F  	MOVFF       Mmc_Write_Sector_byte_start_L0+1, FARG___Lib_Mmc_Mmc_Send_Command_content+1
0x03B6	0xF49CC490  	MOVFF       Mmc_Write_Sector_byte_start_L0+2, FARG___Lib_Mmc_Mmc_Send_Command_content+2
0x03BA	0xF49DC491  	MOVFF       Mmc_Write_Sector_byte_start_L0+3, FARG___Lib_Mmc_Mmc_Send_Command_content+3
0x03BE	0x0EFF      	MOVLW       255
0x03C0	0x6F9E      	MOVWF       FARG___Lib_Mmc_Mmc_Send_Command_crc, 1
0x03C2	0xDE43      	RCALL       __Lib_Mmc_Mmc_Send_Command
0x03C4	0x5200      	MOVF        R0, 1 
0x03C6	0xE004      	BZ          L_Mmc_Write_Sector39
;__Lib_Mmc.c,290 :: 		
0x03C8	0xDEA9      	RCALL       __Lib_Mmc_Mmc_DeSelect
;__Lib_Mmc.c,291 :: 		
0x03CA	0x0E01      	MOVLW       1
0x03CC	0x6E00      	MOVWF       R0 
0x03CE	0xD08B      	BRA         L_end_Mmc_Write_Sector
;__Lib_Mmc.c,292 :: 		
L_Mmc_Write_Sector39:
;__Lib_Mmc.c,296 :: 		
0x03D0	0xFFE1C480  	MOVFF       _SPI_Rd_Ptr+2, FSR1L
0x03D4	0xFFE2C481  	MOVFF       _SPI_Rd_Ptr+3, FSR1H
0x03D8	0x0EFF      	MOVLW       255
0x03DA	0x6EE6      	MOVWF       POSTINC1 
0x03DC	0xF000C47E  	MOVFF       _SPI_Rd_Ptr, R0
0x03E0	0xF001C47F  	MOVFF       _SPI_Rd_Ptr+1, R1
0x03E4	0xDE24      	RCALL       _____DoIFC
;__Lib_Mmc.c,297 :: 		
0x03E6	0xFFE1C480  	MOVFF       _SPI_Rd_Ptr+2, FSR1L
0x03EA	0xFFE2C481  	MOVFF       _SPI_Rd_Ptr+3, FSR1H
0x03EE	0x0EFF      	MOVLW       255
0x03F0	0x6EE6      	MOVWF       POSTINC1 
0x03F2	0xF000C47E  	MOVFF       _SPI_Rd_Ptr, R0
0x03F6	0xF001C47F  	MOVFF       _SPI_Rd_Ptr+1, R1
0x03FA	0xDE19      	RCALL       _____DoIFC
;__Lib_Mmc.c,300 :: 		
0x03FC	0xFFE1C480  	MOVFF       _SPI_Rd_Ptr+2, FSR1L
0x0400	0xFFE2C481  	MOVFF       _SPI_Rd_Ptr+3, FSR1H
0x0404	0x0EFE      	MOVLW       254
0x0406	0x6EE6      	MOVWF       POSTINC1 
0x0408	0xF000C47E  	MOVFF       _SPI_Rd_Ptr, R0
0x040C	0xF001C47F  	MOVFF       _SPI_Rd_Ptr+1, R1
0x0410	0xDE0E      	RCALL       _____DoIFC
;__Lib_Mmc.c,303 :: 		
0x0412	0x0104      	MOVLB       4
0x0414	0x6B8C      	CLRF        Mmc_Write_Sector_i_L0, 1
0x0416	0x6B8D      	CLRF        Mmc_Write_Sector_i_L0+1, 1
L_Mmc_Write_Sector40:
0x0418	0x518D      	MOVF        Mmc_Write_Sector_i_L0+1, 0, 1
0x041A	0x0801      	SUBLW       1
0x041C	0xE102      	BNZ         L__Mmc_Write_Sector98
0x041E	0x518C      	MOVF        Mmc_Write_Sector_i_L0, 0, 1
0x0420	0x08FF      	SUBLW       255
L__Mmc_Write_Sector98:
0x0422	0xE315      	BNC         L_Mmc_Write_Sector41
;__Lib_Mmc.c,304 :: 		
0x0424	0x518C      	MOVF        Mmc_Write_Sector_i_L0, 0, 1
0x0426	0x258A      	ADDWF       FARG_Mmc_Write_Sector_dbuff, 0, 1
0x0428	0x6EE9      	MOVWF       FSR0L 
0x042A	0x518D      	MOVF        Mmc_Write_Sector_i_L0+1, 0, 1
0x042C	0x218B      	ADDWFC      FARG_Mmc_Write_Sector_dbuff+1, 0, 1
0x042E	0x6EEA      	MOVWF       FSR0H 
0x0430	0xFFE1C480  	MOVFF       _SPI_Rd_Ptr+2, FSR1L
0x0434	0xFFE2C481  	MOVFF       _SPI_Rd_Ptr+3, FSR1H
0x0438	0xFFE6CFEE  	MOVFF       POSTINC0, POSTINC1
0x043C	0xF000C47E  	MOVFF       _SPI_Rd_Ptr, R0
0x0440	0xF001C47F  	MOVFF       _SPI_Rd_Ptr+1, R1
0x0444	0xDDF4      	RCALL       _____DoIFC
;__Lib_Mmc.c,303 :: 		
0x0446	0x0104      	MOVLB       4
0x0448	0x4B8C      	INFSNZ      Mmc_Write_Sector_i_L0, 1, 1
0x044A	0x2B8D      	INCF        Mmc_Write_Sector_i_L0+1, 1, 1
;__Lib_Mmc.c,305 :: 		
0x044C	0xD7E5      	BRA         L_Mmc_Write_Sector40
L_Mmc_Write_Sector41:
;__Lib_Mmc.c,308 :: 		
0x044E	0xFFE1C480  	MOVFF       _SPI_Rd_Ptr+2, FSR1L
0x0452	0xFFE2C481  	MOVFF       _SPI_Rd_Ptr+3, FSR1H
0x0456	0x0EFF      	MOVLW       255
0x0458	0x6EE6      	MOVWF       POSTINC1 
0x045A	0xF000C47E  	MOVFF       _SPI_Rd_Ptr, R0
0x045E	0xF001C47F  	MOVFF       _SPI_Rd_Ptr+1, R1
0x0462	0xDDE5      	RCALL       _____DoIFC
;__Lib_Mmc.c,309 :: 		
0x0464	0xFFE1C480  	MOVFF       _SPI_Rd_Ptr+2, FSR1L
0x0468	0xFFE2C481  	MOVFF       _SPI_Rd_Ptr+3, FSR1H
0x046C	0x0EFF      	MOVLW       255
0x046E	0x6EE6      	MOVWF       POSTINC1 
0x0470	0xF000C47E  	MOVFF       _SPI_Rd_Ptr, R0
0x0474	0xF001C47F  	MOVFF       _SPI_Rd_Ptr+1, R1
0x0478	0xDDDA      	RCALL       _____DoIFC
;__Lib_Mmc.c,312 :: 		
0x047A	0xFFE1C480  	MOVFF       _SPI_Rd_Ptr+2, FSR1L
0x047E	0xFFE2C481  	MOVFF       _SPI_Rd_Ptr+3, FSR1H
0x0482	0x0EFF      	MOVLW       255
0x0484	0x6EE6      	MOVWF       POSTINC1 
0x0486	0xF000C47E  	MOVFF       _SPI_Rd_Ptr, R0
0x048A	0xF001C47F  	MOVFF       _SPI_Rd_Ptr+1, R1
0x048E	0xDDCF      	RCALL       _____DoIFC
0x0490	0xF48CC000  	MOVFF       R0, Mmc_Write_Sector_i_L0
0x0494	0x0E00      	MOVLW       0
0x0496	0x0104      	MOVLB       4
0x0498	0x6F8D      	MOVWF       Mmc_Write_Sector_i_L0+1, 1
;__Lib_Mmc.c,313 :: 		
0x049A	0x0E1F      	MOVLW       31
0x049C	0x158C      	ANDWF       Mmc_Write_Sector_i_L0, 0, 1
0x049E	0x6E01      	MOVWF       R1 
0x04A0	0xF002C48D  	MOVFF       Mmc_Write_Sector_i_L0+1, R2
0x04A4	0x0E00      	MOVLW       0
0x04A6	0x1602      	ANDWF       R2, 1 
0x04A8	0xF48CC001  	MOVFF       R1, Mmc_Write_Sector_i_L0
0x04AC	0xF48DC002  	MOVFF       R2, Mmc_Write_Sector_i_L0+1
;__Lib_Mmc.c,314 :: 		
0x04B0	0x0E00      	MOVLW       0
0x04B2	0x1802      	XORWF       R2, 0 
0x04B4	0xE102      	BNZ         L__Mmc_Write_Sector99
0x04B6	0x0E05      	MOVLW       5
0x04B8	0x1801      	XORWF       R1, 0 
L__Mmc_Write_Sector99:
0x04BA	0xE004      	BZ          L_Mmc_Write_Sector43
;__Lib_Mmc.c,316 :: 		
0x04BC	0xDE2F      	RCALL       __Lib_Mmc_Mmc_DeSelect
;__Lib_Mmc.c,317 :: 		
0x04BE	0x0E02      	MOVLW       2
0x04C0	0x6E00      	MOVWF       R0 
0x04C2	0xD011      	BRA         L_end_Mmc_Write_Sector
;__Lib_Mmc.c,318 :: 		
L_Mmc_Write_Sector43:
;__Lib_Mmc.c,320 :: 		
L_Mmc_Write_Sector44:
0x04C4	0xFFE1C480  	MOVFF       _SPI_Rd_Ptr+2, FSR1L
0x04C8	0xFFE2C481  	MOVFF       _SPI_Rd_Ptr+3, FSR1H
0x04CC	0x0EFF      	MOVLW       255
0x04CE	0x6EE6      	MOVWF       POSTINC1 
0x04D0	0xF000C47E  	MOVFF       _SPI_Rd_Ptr, R0
0x04D4	0xF001C47F  	MOVFF       _SPI_Rd_Ptr+1, R1
0x04D8	0xDDAA      	RCALL       _____DoIFC
0x04DA	0x5000      	MOVF        R0, 0 
0x04DC	0x0AFF      	XORLW       255
0x04DE	0xE001      	BZ          L_Mmc_Write_Sector45
;__Lib_Mmc.c,321 :: 		
0x04E0	0xD7F1      	BRA         L_Mmc_Write_Sector44
L_Mmc_Write_Sector45:
;__Lib_Mmc.c,323 :: 		
0x04E2	0xDE1C      	RCALL       __Lib_Mmc_Mmc_DeSelect
;__Lib_Mmc.c,326 :: 		
0x04E4	0x6A00      	CLRF        R0 
;__Lib_Mmc.c,327 :: 		
L_end_Mmc_Write_Sector:
0x04E6	0x0012      	RETURN      0
; end of _Mmc_Write_Sector
_Mmc_Read_Sector:
;__Lib_Mmc.c,231 :: 		
;__Lib_Mmc.c,236 :: 		
0x04E8	0xDDAE      	RCALL       __Lib_Mmc_Mmc_Select
;__Lib_Mmc.c,238 :: 		
0x04EA	0x0E00      	MOVLW       0
0x04EC	0x0A00      	XORLW       0
0x04EE	0xE102      	BNZ         L__Mmc_Read_Sector90
0x04F0	0x0E04      	MOVLW       4
0x04F2	0x186D      	XORWF       __Lib_Mmc_cardType, 0 
L__Mmc_Read_Sector90:
0x04F4	0xE109      	BNZ         L_Mmc_Read_Sector29
;__Lib_Mmc.c,239 :: 		
0x04F6	0xF48EC486  	MOVFF       FARG_Mmc_Read_Sector_sector, Mmc_Read_Sector_byte_start_L0
0x04FA	0xF48FC487  	MOVFF       FARG_Mmc_Read_Sector_sector+1, Mmc_Read_Sector_byte_start_L0+1
0x04FE	0xF490C488  	MOVFF       FARG_Mmc_Read_Sector_sector+2, Mmc_Read_Sector_byte_start_L0+2
0x0502	0xF491C489  	MOVFF       FARG_Mmc_Read_Sector_sector+3, Mmc_Read_Sector_byte_start_L0+3
0x0506	0xD014      	BRA         L_Mmc_Read_Sector30
L_Mmc_Read_Sector29:
;__Lib_Mmc.c,241 :: 		
0x0508	0x0E09      	MOVLW       9
0x050A	0x6E00      	MOVWF       R0 
0x050C	0xF48EC486  	MOVFF       FARG_Mmc_Read_Sector_sector, Mmc_Read_Sector_byte_start_L0
0x0510	0xF48FC487  	MOVFF       FARG_Mmc_Read_Sector_sector+1, Mmc_Read_Sector_byte_start_L0+1
0x0514	0xF490C488  	MOVFF       FARG_Mmc_Read_Sector_sector+2, Mmc_Read_Sector_byte_start_L0+2
0x0518	0xF491C489  	MOVFF       FARG_Mmc_Read_Sector_sector+3, Mmc_Read_Sector_byte_start_L0+3
0x051C	0x5000      	MOVF        R0, 0 
L__Mmc_Read_Sector91:
0x051E	0xE008      	BZ          L__Mmc_Read_Sector92
0x0520	0x0104      	MOVLB       4
0x0522	0x378E      	RLCF        Mmc_Read_Sector_byte_start_L0, 1, 1
0x0524	0x918E      	BCF         Mmc_Read_Sector_byte_start_L0, 0, 1
0x0526	0x378F      	RLCF        Mmc_Read_Sector_byte_start_L0+1, 1, 1
0x0528	0x3790      	RLCF        Mmc_Read_Sector_byte_start_L0+2, 1, 1
0x052A	0x3791      	RLCF        Mmc_Read_Sector_byte_start_L0+3, 1, 1
0x052C	0x0FFF      	ADDLW       255
0x052E	0xD7F7      	BRA         L__Mmc_Read_Sector91
L__Mmc_Read_Sector92:
L_Mmc_Read_Sector30:
0x0530	0x0104      	MOVLB       4
;__Lib_Mmc.c,244 :: 		
0x0532	0x0E11      	MOVLW       17
0x0534	0x6F99      	MOVWF       FARG___Lib_Mmc_Mmc_Send_Command_partial_cmm, 1
0x0536	0xF49AC48E  	MOVFF       Mmc_Read_Sector_byte_start_L0, FARG___Lib_Mmc_Mmc_Send_Command_content
0x053A	0xF49BC48F  	MOVFF       Mmc_Read_Sector_byte_start_L0+1, FARG___Lib_Mmc_Mmc_Send_Command_content+1
0x053E	0xF49CC490  	MOVFF       Mmc_Read_Sector_byte_start_L0+2, FARG___Lib_Mmc_Mmc_Send_Command_content+2
0x0542	0xF49DC491  	MOVFF       Mmc_Read_Sector_byte_start_L0+3, FARG___Lib_Mmc_Mmc_Send_Command_content+3
0x0546	0x0EFF      	MOVLW       255
0x0548	0x6F9E      	MOVWF       FARG___Lib_Mmc_Mmc_Send_Command_crc, 1
0x054A	0xDD7F      	RCALL       __Lib_Mmc_Mmc_Send_Command
;__Lib_Mmc.c,245 :: 		
0x054C	0x5200      	MOVF        R0, 1 
0x054E	0xE004      	BZ          L_Mmc_Read_Sector31
;__Lib_Mmc.c,247 :: 		
0x0550	0xDDE5      	RCALL       __Lib_Mmc_Mmc_DeSelect
;__Lib_Mmc.c,248 :: 		
0x0552	0x0E01      	MOVLW       1
0x0554	0x6E00      	MOVWF       R0 
0x0556	0xD04B      	BRA         L_end_Mmc_Read_Sector
;__Lib_Mmc.c,249 :: 		
L_Mmc_Read_Sector31:
;__Lib_Mmc.c,251 :: 		
L_Mmc_Read_Sector32:
0x0558	0xFFE1C480  	MOVFF       _SPI_Rd_Ptr+2, FSR1L
0x055C	0xFFE2C481  	MOVFF       _SPI_Rd_Ptr+3, FSR1H
0x0560	0x0EFF      	MOVLW       255
0x0562	0x6EE6      	MOVWF       POSTINC1 
0x0564	0xF000C47E  	MOVFF       _SPI_Rd_Ptr, R0
0x0568	0xF001C47F  	MOVFF       _SPI_Rd_Ptr+1, R1
0x056C	0xDD60      	RCALL       _____DoIFC
0x056E	0x5000      	MOVF        R0, 0 
0x0570	0x0AFE      	XORLW       254
0x0572	0xE001      	BZ          L_Mmc_Read_Sector33
;__Lib_Mmc.c,252 :: 		
0x0574	0xD7F1      	BRA         L_Mmc_Read_Sector32
L_Mmc_Read_Sector33:
;__Lib_Mmc.c,255 :: 		
0x0576	0x0104      	MOVLB       4
0x0578	0x6B8C      	CLRF        Mmc_Read_Sector_i_L0, 1
0x057A	0x6B8D      	CLRF        Mmc_Read_Sector_i_L0+1, 1
L_Mmc_Read_Sector34:
0x057C	0x0E02      	MOVLW       2
0x057E	0x5D8D      	SUBWF       Mmc_Read_Sector_i_L0+1, 0, 1
0x0580	0xE102      	BNZ         L__Mmc_Read_Sector93
0x0582	0x0E00      	MOVLW       0
0x0584	0x5D8C      	SUBWF       Mmc_Read_Sector_i_L0, 0, 1
L__Mmc_Read_Sector93:
0x0586	0xE21B      	BC          L_Mmc_Read_Sector35
;__Lib_Mmc.c,257 :: 		
0x0588	0x518C      	MOVF        Mmc_Read_Sector_i_L0, 0, 1
0x058A	0x258A      	ADDWF       FARG_Mmc_Read_Sector_dbuff, 0, 1
0x058C	0x6F92      	MOVWF       FLOC__Mmc_Read_Sector, 1
0x058E	0x518D      	MOVF        Mmc_Read_Sector_i_L0+1, 0, 1
0x0590	0x218B      	ADDWFC      FARG_Mmc_Read_Sector_dbuff+1, 0, 1
0x0592	0x6F93      	MOVWF       FLOC__Mmc_Read_Sector+1, 1
0x0594	0xFFE1C480  	MOVFF       _SPI_Rd_Ptr+2, FSR1L
0x0598	0xFFE2C481  	MOVFF       _SPI_Rd_Ptr+3, FSR1H
0x059C	0x0EFF      	MOVLW       255
0x059E	0x6EE6      	MOVWF       POSTINC1 
0x05A0	0xF000C47E  	MOVFF       _SPI_Rd_Ptr, R0
0x05A4	0xF001C47F  	MOVFF       _SPI_Rd_Ptr+1, R1
0x05A8	0xDD42      	RCALL       _____DoIFC
0x05AA	0xFFE1C492  	MOVFF       FLOC__Mmc_Read_Sector, FSR1L
0x05AE	0xFFE2C493  	MOVFF       FLOC__Mmc_Read_Sector+1, FSR1H
0x05B2	0xFFE6C000  	MOVFF       R0, POSTINC1
;__Lib_Mmc.c,255 :: 		
0x05B6	0x0104      	MOVLB       4
0x05B8	0x4B8C      	INFSNZ      Mmc_Read_Sector_i_L0, 1, 1
0x05BA	0x2B8D      	INCF        Mmc_Read_Sector_i_L0+1, 1, 1
;__Lib_Mmc.c,258 :: 		
0x05BC	0xD7DF      	BRA         L_Mmc_Read_Sector34
L_Mmc_Read_Sector35:
;__Lib_Mmc.c,261 :: 		
0x05BE	0xFFE1C480  	MOVFF       _SPI_Rd_Ptr+2, FSR1L
0x05C2	0xFFE2C481  	MOVFF       _SPI_Rd_Ptr+3, FSR1H
0x05C6	0x0EFF      	MOVLW       255
0x05C8	0x6EE6      	MOVWF       POSTINC1 
0x05CA	0xF000C47E  	MOVFF       _SPI_Rd_Ptr, R0
0x05CE	0xF001C47F  	MOVFF       _SPI_Rd_Ptr+1, R1
0x05D2	0xDD2D      	RCALL       _____DoIFC
;__Lib_Mmc.c,262 :: 		
0x05D4	0xFFE1C480  	MOVFF       _SPI_Rd_Ptr+2, FSR1L
0x05D8	0xFFE2C481  	MOVFF       _SPI_Rd_Ptr+3, FSR1H
0x05DC	0x0EFF      	MOVLW       255
0x05DE	0x6EE6      	MOVWF       POSTINC1 
0x05E0	0xF000C47E  	MOVFF       _SPI_Rd_Ptr, R0
0x05E4	0xF001C47F  	MOVFF       _SPI_Rd_Ptr+1, R1
0x05E8	0xDD22      	RCALL       _____DoIFC
;__Lib_Mmc.c,264 :: 		
0x05EA	0xDD98      	RCALL       __Lib_Mmc_Mmc_DeSelect
;__Lib_Mmc.c,267 :: 		
0x05EC	0x6A00      	CLRF        R0 
;__Lib_Mmc.c,268 :: 		
L_end_Mmc_Read_Sector:
0x05EE	0x0012      	RETURN      0
; end of _Mmc_Read_Sector
_Mmc_Init:
;__Lib_Mmc.c,164 :: 		
;__Lib_Mmc.c,168 :: 		
0x05F0	0x0E05      	MOVLW       5
0x05F2	0x6E6D      	MOVWF       __Lib_Mmc_cardType 
;__Lib_Mmc.c,170 :: 		
0x05F4	0x9094      	BCF         Mmc_Chip_Select_Direction, BitPos(Mmc_Chip_Select_Direction+0) 
;__Lib_Mmc.c,172 :: 		
0x05F6	0xDD92      	RCALL       __Lib_Mmc_Mmc_DeSelect
;__Lib_Mmc.c,175 :: 		
0x05F8	0x0104      	MOVLB       4
0x05FA	0x6B86      	CLRF        Mmc_Init_cnt_L0, 1
0x05FC	0x6B87      	CLRF        Mmc_Init_cnt_L0+1, 1
L_Mmc_Init19:
0x05FE	0x0E00      	MOVLW       0
0x0600	0x5D87      	SUBWF       Mmc_Init_cnt_L0+1, 0, 1
0x0602	0xE102      	BNZ         L__Mmc_Init86
0x0604	0x0E0A      	MOVLW       10
0x0606	0x5D86      	SUBWF       Mmc_Init_cnt_L0, 0, 1
L__Mmc_Init86:
0x0608	0xE20F      	BC          L_Mmc_Init20
;__Lib_Mmc.c,176 :: 		
0x060A	0xFFE1C480  	MOVFF       _SPI_Rd_Ptr+2, FSR1L
0x060E	0xFFE2C481  	MOVFF       _SPI_Rd_Ptr+3, FSR1H
0x0612	0x0EFF      	MOVLW       255
0x0614	0x6EE6      	MOVWF       POSTINC1 
0x0616	0xF000C47E  	MOVFF       _SPI_Rd_Ptr, R0
0x061A	0xF001C47F  	MOVFF       _SPI_Rd_Ptr+1, R1
0x061E	0xDD07      	RCALL       _____DoIFC
;__Lib_Mmc.c,175 :: 		
0x0620	0x0104      	MOVLB       4
0x0622	0x4B86      	INFSNZ      Mmc_Init_cnt_L0, 1, 1
0x0624	0x2B87      	INCF        Mmc_Init_cnt_L0+1, 1, 1
;__Lib_Mmc.c,176 :: 		
0x0626	0xD7EB      	BRA         L_Mmc_Init19
L_Mmc_Init20:
;__Lib_Mmc.c,180 :: 		
0x0628	0xDD0E      	RCALL       __Lib_Mmc_Mmc_Select
;__Lib_Mmc.c,182 :: 		
0x062A	0x6B99      	CLRF        FARG___Lib_Mmc_Mmc_Send_Command_partial_cmm, 1
0x062C	0x6B9A      	CLRF        FARG___Lib_Mmc_Mmc_Send_Command_content, 1
0x062E	0x6B9B      	CLRF        FARG___Lib_Mmc_Mmc_Send_Command_content+1, 1
0x0630	0x6B9C      	CLRF        FARG___Lib_Mmc_Mmc_Send_Command_content+2, 1
0x0632	0x6B9D      	CLRF        FARG___Lib_Mmc_Mmc_Send_Command_content+3, 1
0x0634	0x0E95      	MOVLW       149
0x0636	0x6F9E      	MOVWF       FARG___Lib_Mmc_Mmc_Send_Command_crc, 1
0x0638	0xDD08      	RCALL       __Lib_Mmc_Mmc_Send_Command
0x063A	0xF488C000  	MOVFF       R0, Mmc_Init_response_L0
;__Lib_Mmc.c,183 :: 		
0x063E	0xDD6E      	RCALL       __Lib_Mmc_Mmc_DeSelect
;__Lib_Mmc.c,186 :: 		
0x0640	0x0104      	MOVLB       4
0x0642	0x5188      	MOVF        Mmc_Init_response_L0, 0, 1
0x0644	0x0A01      	XORLW       1
0x0646	0xE003      	BZ          L_Mmc_Init22
;__Lib_Mmc.c,187 :: 		
0x0648	0x0E01      	MOVLW       1
0x064A	0x6E00      	MOVWF       R0 
0x064C	0xD072      	BRA         L_end_Mmc_Init
L_Mmc_Init22:
;__Lib_Mmc.c,189 :: 		
0x064E	0xDCFB      	RCALL       __Lib_Mmc_Mmc_Select
;__Lib_Mmc.c,190 :: 		
0x0650	0x0E08      	MOVLW       8
0x0652	0x6F99      	MOVWF       FARG___Lib_Mmc_Mmc_Send_Command_partial_cmm, 1
0x0654	0x0EAA      	MOVLW       170
0x0656	0x6F9A      	MOVWF       FARG___Lib_Mmc_Mmc_Send_Command_content, 1
0x0658	0x0E01      	MOVLW       1
0x065A	0x6F9B      	MOVWF       FARG___Lib_Mmc_Mmc_Send_Command_content+1, 1
0x065C	0x0E00      	MOVLW       0
0x065E	0x6F9C      	MOVWF       FARG___Lib_Mmc_Mmc_Send_Command_content+2, 1
0x0660	0x6F9D      	MOVWF       FARG___Lib_Mmc_Mmc_Send_Command_content+3, 1
0x0662	0x0E87      	MOVLW       135
0x0664	0x6F9E      	MOVWF       FARG___Lib_Mmc_Mmc_Send_Command_crc, 1
0x0666	0xDCF1      	RCALL       __Lib_Mmc_Mmc_Send_Command
0x0668	0xF488C000  	MOVFF       R0, Mmc_Init_response_L0
;__Lib_Mmc.c,192 :: 		
0x066C	0xFFE1C480  	MOVFF       _SPI_Rd_Ptr+2, FSR1L
0x0670	0xFFE2C481  	MOVFF       _SPI_Rd_Ptr+3, FSR1H
0x0674	0x0EFF      	MOVLW       255
0x0676	0x6EE6      	MOVWF       POSTINC1 
0x0678	0xF000C47E  	MOVFF       _SPI_Rd_Ptr, R0
0x067C	0xF001C47F  	MOVFF       _SPI_Rd_Ptr+1, R1
0x0680	0xDCD6      	RCALL       _____DoIFC
;__Lib_Mmc.c,193 :: 		
0x0682	0xFFE1C480  	MOVFF       _SPI_Rd_Ptr+2, FSR1L
0x0686	0xFFE2C481  	MOVFF       _SPI_Rd_Ptr+3, FSR1H
0x068A	0x0EFF      	MOVLW       255
0x068C	0x6EE6      	MOVWF       POSTINC1 
0x068E	0xF000C47E  	MOVFF       _SPI_Rd_Ptr, R0
0x0692	0xF001C47F  	MOVFF       _SPI_Rd_Ptr+1, R1
0x0696	0xDCCB      	RCALL       _____DoIFC
;__Lib_Mmc.c,194 :: 		
0x0698	0xFFE1C480  	MOVFF       _SPI_Rd_Ptr+2, FSR1L
0x069C	0xFFE2C481  	MOVFF       _SPI_Rd_Ptr+3, FSR1H
0x06A0	0x0EFF      	MOVLW       255
0x06A2	0x6EE6      	MOVWF       POSTINC1 
0x06A4	0xF000C47E  	MOVFF       _SPI_Rd_Ptr, R0
0x06A8	0xF001C47F  	MOVFF       _SPI_Rd_Ptr+1, R1
0x06AC	0xDCC0      	RCALL       _____DoIFC
;__Lib_Mmc.c,195 :: 		
0x06AE	0xFFE1C480  	MOVFF       _SPI_Rd_Ptr+2, FSR1L
0x06B2	0xFFE2C481  	MOVFF       _SPI_Rd_Ptr+3, FSR1H
0x06B6	0x0EFF      	MOVLW       255
0x06B8	0x6EE6      	MOVWF       POSTINC1 
0x06BA	0xF000C47E  	MOVFF       _SPI_Rd_Ptr, R0
0x06BE	0xF001C47F  	MOVFF       _SPI_Rd_Ptr+1, R1
0x06C2	0xDCB5      	RCALL       _____DoIFC
;__Lib_Mmc.c,196 :: 		
0x06C4	0xDD2B      	RCALL       __Lib_Mmc_Mmc_DeSelect
;__Lib_Mmc.c,199 :: 		
0x06C6	0x0104      	MOVLB       4
0x06C8	0x5188      	MOVF        Mmc_Init_response_L0, 0, 1
0x06CA	0x0A01      	XORLW       1
0x06CC	0xE008      	BZ          L_Mmc_Init23
;__Lib_Mmc.c,201 :: 		
0x06CE	0x0E01      	MOVLW       1
0x06D0	0x6F94      	MOVWF       FARG___Lib_Mmc_Mmc_UnIdle_ctype, 1
0x06D2	0xDD38      	RCALL       __Lib_Mmc_Mmc_UnIdle
0x06D4	0x5200      	MOVF        R0, 1 
0x06D6	0xE002      	BZ          L_Mmc_Init24
;__Lib_Mmc.c,202 :: 		
0x06D8	0x6B94      	CLRF        FARG___Lib_Mmc_Mmc_UnIdle_ctype, 1
0x06DA	0xDD34      	RCALL       __Lib_Mmc_Mmc_UnIdle
L_Mmc_Init24:
;__Lib_Mmc.c,203 :: 		
0x06DC	0xD003      	BRA         L_Mmc_Init25
L_Mmc_Init23:
;__Lib_Mmc.c,206 :: 		
0x06DE	0x0E02      	MOVLW       2
0x06E0	0x6F94      	MOVWF       FARG___Lib_Mmc_Mmc_UnIdle_ctype, 1
0x06E2	0xDD30      	RCALL       __Lib_Mmc_Mmc_UnIdle
;__Lib_Mmc.c,207 :: 		
L_Mmc_Init25:
;__Lib_Mmc.c,210 :: 		
0x06E4	0x0E00      	MOVLW       0
0x06E6	0x0A00      	XORLW       0
0x06E8	0xE102      	BNZ         L__Mmc_Init87
0x06EA	0x0E05      	MOVLW       5
0x06EC	0x186D      	XORWF       __Lib_Mmc_cardType, 0 
L__Mmc_Init87:
0x06EE	0xE103      	BNZ         L_Mmc_Init26
;__Lib_Mmc.c,211 :: 		
0x06F0	0x0E02      	MOVLW       2
0x06F2	0x6E00      	MOVWF       R0 
0x06F4	0xD01E      	BRA         L_end_Mmc_Init
L_Mmc_Init26:
;__Lib_Mmc.c,213 :: 		
0x06F6	0x0E00      	MOVLW       0
0x06F8	0x0A00      	XORLW       0
0x06FA	0xE102      	BNZ         L__Mmc_Init88
0x06FC	0x0E04      	MOVLW       4
0x06FE	0x186D      	XORWF       __Lib_Mmc_cardType, 0 
L__Mmc_Init88:
0x0700	0xE017      	BZ          L_Mmc_Init27
;__Lib_Mmc.c,215 :: 		
0x0702	0xDCA1      	RCALL       __Lib_Mmc_Mmc_Select
;__Lib_Mmc.c,217 :: 		
0x0704	0x0E10      	MOVLW       16
0x0706	0x6F99      	MOVWF       FARG___Lib_Mmc_Mmc_Send_Command_partial_cmm, 1
0x0708	0x0E00      	MOVLW       0
0x070A	0x6F9A      	MOVWF       FARG___Lib_Mmc_Mmc_Send_Command_content, 1
0x070C	0x0E02      	MOVLW       2
0x070E	0x6F9B      	MOVWF       FARG___Lib_Mmc_Mmc_Send_Command_content+1, 1
0x0710	0x0E00      	MOVLW       0
0x0712	0x6F9C      	MOVWF       FARG___Lib_Mmc_Mmc_Send_Command_content+2, 1
0x0714	0x6F9D      	MOVWF       FARG___Lib_Mmc_Mmc_Send_Command_content+3, 1
0x0716	0x0EFF      	MOVLW       255
0x0718	0x6F9E      	MOVWF       FARG___Lib_Mmc_Mmc_Send_Command_crc, 1
0x071A	0xDC97      	RCALL       __Lib_Mmc_Mmc_Send_Command
0x071C	0xF488C000  	MOVFF       R0, Mmc_Init_response_L0
;__Lib_Mmc.c,218 :: 		
0x0720	0xDCFD      	RCALL       __Lib_Mmc_Mmc_DeSelect
;__Lib_Mmc.c,220 :: 		
0x0722	0x0104      	MOVLB       4
0x0724	0x5188      	MOVF        Mmc_Init_response_L0, 0, 1
0x0726	0x0A00      	XORLW       0
0x0728	0xE003      	BZ          L_Mmc_Init28
;__Lib_Mmc.c,221 :: 		
0x072A	0x0E03      	MOVLW       3
0x072C	0x6E00      	MOVWF       R0 
0x072E	0xD001      	BRA         L_end_Mmc_Init
L_Mmc_Init28:
;__Lib_Mmc.c,222 :: 		
L_Mmc_Init27:
;__Lib_Mmc.c,224 :: 		
0x0730	0x6A00      	CLRF        R0 
;__Lib_Mmc.c,225 :: 		
L_end_Mmc_Init:
0x0732	0x0012      	RETURN      0
; end of _Mmc_Init
_main:
0x0734	0xF004EC6C  	CALL        2264, 0
;sdcard.c,8 :: 		void main() {
;sdcard.c,10 :: 		uart1_init(9600);
0x0738	0x0E19      	MOVLW       25
0x073A	0x6EAF      	MOVWF       SPBRG 
0x073C	0x84AC      	BSF         TXSTA, 2, 0
0x073E	0xDDE4      	RCALL       _UART1_Init
;sdcard.c,11 :: 		SPI1_Init();
0x0740	0xDDC2      	RCALL       _SPI1_Init
;sdcard.c,12 :: 		buf[0]='E';
0x0742	0x0E45      	MOVLW       69
0x0744	0x0102      	MOVLB       2
0x0746	0x6F6E      	MOVWF       _buf, 1
;sdcard.c,13 :: 		buf[1]='n';
0x0748	0x0E6E      	MOVLW       110
0x074A	0x6F6F      	MOVWF       _buf+1, 1
;sdcard.c,14 :: 		buf[2]='g';
0x074C	0x0E67      	MOVLW       103
0x074E	0x6F70      	MOVWF       _buf+2, 1
;sdcard.c,15 :: 		buf[3]='S';
0x0750	0x0E53      	MOVLW       83
0x0752	0x6F71      	MOVWF       _buf+3, 1
;sdcard.c,16 :: 		buf[4]='h';
0x0754	0x0E68      	MOVLW       104
0x0756	0x6F72      	MOVWF       _buf+4, 1
;sdcard.c,17 :: 		buf[5]='a';
0x0758	0x0E61      	MOVLW       97
0x075A	0x6F73      	MOVWF       _buf+5, 1
;sdcard.c,18 :: 		buf[6]='d';
0x075C	0x0E64      	MOVLW       100
0x075E	0x6F74      	MOVWF       _buf+6, 1
;sdcard.c,19 :: 		buf[7]='y';
0x0760	0x0E79      	MOVLW       121
0x0762	0x6F75      	MOVWF       _buf+7, 1
;sdcard.c,23 :: 		trisd=255;
0x0764	0x0EFF      	MOVLW       255
0x0766	0x6E95      	MOVWF       TRISD 
;sdcard.c,25 :: 		error = MMC_init();
0x0768	0xDF43      	RCALL       _Mmc_Init
;sdcard.c,26 :: 		if(!error){
0x076A	0x5200      	MOVF        R0, 1 
0x076C	0xE106      	BNZ         L_main0
;sdcard.c,27 :: 		uart1_write_text("connected");
0x076E	0x0E43      	MOVLW       ?lstr1_sdcard
0x0770	0x6F86      	MOVWF       FARG_UART1_Write_Text_uart_text, 1
0x0772	0x0E00      	MOVLW       hi_addr(?lstr1_sdcard)
0x0774	0x6F87      	MOVWF       FARG_UART1_Write_Text_uart_text+1, 1
0x0776	0xDD8D      	RCALL       _UART1_Write_Text
;sdcard.c,28 :: 		}
0x0778	0xD005      	BRA         L_main1
L_main0:
;sdcard.c,30 :: 		uart1_write_text("not connected");
0x077A	0x0E4D      	MOVLW       ?lstr2_sdcard
0x077C	0x6F86      	MOVWF       FARG_UART1_Write_Text_uart_text, 1
0x077E	0x0E00      	MOVLW       hi_addr(?lstr2_sdcard)
0x0780	0x6F87      	MOVWF       FARG_UART1_Write_Text_uart_text+1, 1
0x0782	0xDD87      	RCALL       _UART1_Write_Text
L_main1:
;sdcard.c,34 :: 		while(1)
L_main2:
;sdcard.c,36 :: 		if(rd0_bit==0)
0x0784	0xB083      	BTFSC       RD0_bit, 0 
0x0786	0xD02F      	BRA         L_main4
;sdcard.c,38 :: 		buf[0]='E';
0x0788	0x0E45      	MOVLW       69
0x078A	0x0102      	MOVLB       2
0x078C	0x6F6E      	MOVWF       _buf, 1
;sdcard.c,39 :: 		buf[1]='n';
0x078E	0x0E6E      	MOVLW       110
0x0790	0x6F6F      	MOVWF       _buf+1, 1
;sdcard.c,40 :: 		buf[2]='g';
0x0792	0x0E67      	MOVLW       103
0x0794	0x6F70      	MOVWF       _buf+2, 1
;sdcard.c,41 :: 		buf[3]='S';
0x0796	0x0E53      	MOVLW       83
0x0798	0x6F71      	MOVWF       _buf+3, 1
;sdcard.c,42 :: 		buf[4]='h';
0x079A	0x0E68      	MOVLW       104
0x079C	0x6F72      	MOVWF       _buf+4, 1
;sdcard.c,43 :: 		buf[5]='a';
0x079E	0x0E61      	MOVLW       97
0x07A0	0x6F73      	MOVWF       _buf+5, 1
;sdcard.c,44 :: 		buf[6]='d';
0x07A2	0x0E64      	MOVLW       100
0x07A4	0x6F74      	MOVWF       _buf+6, 1
;sdcard.c,45 :: 		buf[7]='y';
0x07A6	0x0E79      	MOVLW       121
0x07A8	0x6F75      	MOVWF       _buf+7, 1
;sdcard.c,46 :: 		error2 = Mmc_write_Sector(1, buf);
0x07AA	0x0E01      	MOVLW       1
0x07AC	0x0104      	MOVLB       4
0x07AE	0x6F86      	MOVWF       FARG_Mmc_Write_Sector_sector, 1
0x07B0	0x0E00      	MOVLW       0
0x07B2	0x6F87      	MOVWF       FARG_Mmc_Write_Sector_sector+1, 1
0x07B4	0x6F88      	MOVWF       FARG_Mmc_Write_Sector_sector+2, 1
0x07B6	0x6F89      	MOVWF       FARG_Mmc_Write_Sector_sector+3, 1
0x07B8	0x0E6E      	MOVLW       _buf
0x07BA	0x6F8A      	MOVWF       FARG_Mmc_Write_Sector_dbuff, 1
0x07BC	0x0E02      	MOVLW       hi_addr(_buf)
0x07BE	0x6F8B      	MOVWF       FARG_Mmc_Write_Sector_dbuff+1, 1
0x07C0	0xDDCF      	RCALL       _Mmc_Write_Sector
;sdcard.c,47 :: 		if(!error2)
0x07C2	0x5200      	MOVF        R0, 1 
0x07C4	0xE107      	BNZ         L_main5
;sdcard.c,49 :: 		uart1_write_text("write success");
0x07C6	0x0E35      	MOVLW       ?lstr3_sdcard
0x07C8	0x0104      	MOVLB       4
0x07CA	0x6F86      	MOVWF       FARG_UART1_Write_Text_uart_text, 1
0x07CC	0x0E00      	MOVLW       hi_addr(?lstr3_sdcard)
0x07CE	0x6F87      	MOVWF       FARG_UART1_Write_Text_uart_text+1, 1
0x07D0	0xDD60      	RCALL       _UART1_Write_Text
;sdcard.c,50 :: 		}
0x07D2	0xD006      	BRA         L_main6
L_main5:
0x07D4	0x0104      	MOVLB       4
;sdcard.c,52 :: 		uart1_write_text("write not success");
0x07D6	0x0E15      	MOVLW       ?lstr4_sdcard
0x07D8	0x6F86      	MOVWF       FARG_UART1_Write_Text_uart_text, 1
0x07DA	0x0E00      	MOVLW       hi_addr(?lstr4_sdcard)
0x07DC	0x6F87      	MOVWF       FARG_UART1_Write_Text_uart_text+1, 1
0x07DE	0xDD59      	RCALL       _UART1_Write_Text
L_main6:
;sdcard.c,53 :: 		while(rd0_bit==0){}
L_main7:
0x07E0	0xB083      	BTFSC       RD0_bit, 0 
0x07E2	0xD001      	BRA         L_main8
0x07E4	0xD7FD      	BRA         L_main7
L_main8:
;sdcard.c,54 :: 		}
L_main4:
;sdcard.c,57 :: 		if(rd1_bit==0)
0x07E6	0xB283      	BTFSC       RD1_bit, 1 
0x07E8	0xD015      	BRA         L_main9
;sdcard.c,59 :: 		error2 = Mmc_read_Sector(1, read);
0x07EA	0x0104      	MOVLB       4
0x07EC	0x0E01      	MOVLW       1
0x07EE	0x6F86      	MOVWF       FARG_Mmc_Read_Sector_sector, 1
0x07F0	0x0E00      	MOVLW       0
0x07F2	0x6F87      	MOVWF       FARG_Mmc_Read_Sector_sector+1, 1
0x07F4	0x6F88      	MOVWF       FARG_Mmc_Read_Sector_sector+2, 1
0x07F6	0x6F89      	MOVWF       FARG_Mmc_Read_Sector_sector+3, 1
0x07F8	0x0E6E      	MOVLW       _read
0x07FA	0x6F8A      	MOVWF       FARG_Mmc_Read_Sector_dbuff, 1
0x07FC	0x0E00      	MOVLW       hi_addr(_read)
0x07FE	0x6F8B      	MOVWF       FARG_Mmc_Read_Sector_dbuff+1, 1
0x0800	0xDE73      	RCALL       _Mmc_Read_Sector
;sdcard.c,60 :: 		uart1_write_text(read);
0x0802	0x0E6E      	MOVLW       _read
0x0804	0x0104      	MOVLB       4
0x0806	0x6F86      	MOVWF       FARG_UART1_Write_Text_uart_text, 1
0x0808	0x0E00      	MOVLW       hi_addr(_read)
0x080A	0x6F87      	MOVWF       FARG_UART1_Write_Text_uart_text+1, 1
0x080C	0xDD42      	RCALL       _UART1_Write_Text
;sdcard.c,61 :: 		while(rd1_bit==0){}
L_main10:
0x080E	0xB283      	BTFSC       RD1_bit, 1 
0x0810	0xD001      	BRA         L_main11
0x0812	0xD7FD      	BRA         L_main10
L_main11:
;sdcard.c,62 :: 		}
L_main9:
;sdcard.c,63 :: 		if(rd2_bit==0)
0x0814	0xB483      	BTFSC       RD2_bit, 2 
0x0816	0xD031      	BRA         L_main12
;sdcard.c,65 :: 		buf[0]='E';
0x0818	0x0E45      	MOVLW       69
0x081A	0x0102      	MOVLB       2
0x081C	0x6F6E      	MOVWF       _buf, 1
;sdcard.c,66 :: 		buf[1]='n';
0x081E	0x0E6E      	MOVLW       110
0x0820	0x6F6F      	MOVWF       _buf+1, 1
;sdcard.c,67 :: 		buf[2]='g';
0x0822	0x0E67      	MOVLW       103
0x0824	0x6F70      	MOVWF       _buf+2, 1
;sdcard.c,68 :: 		buf[3]='i';
0x0826	0x0E69      	MOVLW       105
0x0828	0x6F71      	MOVWF       _buf+3, 1
;sdcard.c,69 :: 		buf[4]='s';
0x082A	0x0E73      	MOVLW       115
0x082C	0x6F72      	MOVWF       _buf+4, 1
;sdcard.c,70 :: 		buf[5]='m';
0x082E	0x0E6D      	MOVLW       109
0x0830	0x6F73      	MOVWF       _buf+5, 1
;sdcard.c,71 :: 		buf[6]='a';
0x0832	0x0E61      	MOVLW       97
0x0834	0x6F74      	MOVWF       _buf+6, 1
;sdcard.c,72 :: 		buf[7]='i';
0x0836	0x0E69      	MOVLW       105
0x0838	0x6F75      	MOVWF       _buf+7, 1
;sdcard.c,73 :: 		buf[7]='l';
0x083A	0x0E6C      	MOVLW       108
0x083C	0x6F75      	MOVWF       _buf+7, 1
;sdcard.c,74 :: 		error2 = Mmc_write_Sector(1, buf);
0x083E	0x0E01      	MOVLW       1
0x0840	0x0104      	MOVLB       4
0x0842	0x6F86      	MOVWF       FARG_Mmc_Write_Sector_sector, 1
0x0844	0x0E00      	MOVLW       0
0x0846	0x6F87      	MOVWF       FARG_Mmc_Write_Sector_sector+1, 1
0x0848	0x6F88      	MOVWF       FARG_Mmc_Write_Sector_sector+2, 1
0x084A	0x6F89      	MOVWF       FARG_Mmc_Write_Sector_sector+3, 1
0x084C	0x0E6E      	MOVLW       _buf
0x084E	0x6F8A      	MOVWF       FARG_Mmc_Write_Sector_dbuff, 1
0x0850	0x0E02      	MOVLW       hi_addr(_buf)
0x0852	0x6F8B      	MOVWF       FARG_Mmc_Write_Sector_dbuff+1, 1
0x0854	0xDD85      	RCALL       _Mmc_Write_Sector
;sdcard.c,75 :: 		if(!error2)
0x0856	0x5200      	MOVF        R0, 1 
0x0858	0xE107      	BNZ         L_main13
;sdcard.c,77 :: 		uart1_write_text("write success");
0x085A	0x0E27      	MOVLW       ?lstr5_sdcard
0x085C	0x0104      	MOVLB       4
0x085E	0x6F86      	MOVWF       FARG_UART1_Write_Text_uart_text, 1
0x0860	0x0E00      	MOVLW       hi_addr(?lstr5_sdcard)
0x0862	0x6F87      	MOVWF       FARG_UART1_Write_Text_uart_text+1, 1
0x0864	0xDD16      	RCALL       _UART1_Write_Text
;sdcard.c,78 :: 		}
0x0866	0xD006      	BRA         L_main14
L_main13:
0x0868	0x0104      	MOVLB       4
;sdcard.c,80 :: 		uart1_write_text("write not success");
0x086A	0x0E5B      	MOVLW       ?lstr6_sdcard
0x086C	0x6F86      	MOVWF       FARG_UART1_Write_Text_uart_text, 1
0x086E	0x0E00      	MOVLW       hi_addr(?lstr6_sdcard)
0x0870	0x6F87      	MOVWF       FARG_UART1_Write_Text_uart_text+1, 1
0x0872	0xDD0F      	RCALL       _UART1_Write_Text
L_main14:
;sdcard.c,81 :: 		while(rd2_bit==0){}
L_main15:
0x0874	0xB483      	BTFSC       RD2_bit, 2 
0x0876	0xD001      	BRA         L_main16
0x0878	0xD7FD      	BRA         L_main15
L_main16:
;sdcard.c,82 :: 		}
L_main12:
;sdcard.c,87 :: 		}
0x087A	0xD784      	BRA         L_main2
;sdcard.c,92 :: 		}
L_end_main:
0x087C	0xD7FF      	BRA         $+0
; end of _main
0x08D8	0xF015EE10  	LFSR        1, 21
0x08DC	0x0E59      	MOVLW       89
0x08DE	0x6E00      	MOVWF       R0 
0x08E0	0x0E01      	MOVLW       1
0x08E2	0x6E01      	MOVWF       R1 
0x08E4	0x0E7E      	MOVLW       126
0x08E6	0x6EF6      	MOVWF       4086 
0x08E8	0x0E08      	MOVLW       8
0x08EA	0x6EF7      	MOVWF       TBLPTRH 
0x08EC	0x0E00      	MOVLW       0
0x08EE	0x6EF8      	MOVWF       TBLPTRU 
0x08F0	0xF001EC7C  	CALL        760, 0
0x08F4	0x0012      	RETURN      0
;sdcard.c,0 :: ?ICS?lstr4_sdcard
0x087E	0x7277 ;?ICS?lstr4_sdcard+0
0x0880	0x7469 ;?ICS?lstr4_sdcard+2
0x0882	0x2065 ;?ICS?lstr4_sdcard+4
0x0884	0x6F6E ;?ICS?lstr4_sdcard+6
0x0886	0x2074 ;?ICS?lstr4_sdcard+8
0x0888	0x7573 ;?ICS?lstr4_sdcard+10
0x088A	0x6363 ;?ICS?lstr4_sdcard+12
0x088C	0x7365 ;?ICS?lstr4_sdcard+14
0x088E	0x0073 ;?ICS?lstr4_sdcard+16
; end of ?ICS?lstr4_sdcard
;sdcard.c,0 :: ?ICS?lstr5_sdcard
0x0890	0x7277 ;?ICS?lstr5_sdcard+0
0x0892	0x7469 ;?ICS?lstr5_sdcard+2
0x0894	0x2065 ;?ICS?lstr5_sdcard+4
0x0896	0x7573 ;?ICS?lstr5_sdcard+6
0x0898	0x6363 ;?ICS?lstr5_sdcard+8
0x089A	0x7365 ;?ICS?lstr5_sdcard+10
0x089C	0x0073 ;?ICS?lstr5_sdcard+12
; end of ?ICS?lstr5_sdcard
;sdcard.c,0 :: ?ICS?lstr3_sdcard
0x089E	0x7277 ;?ICS?lstr3_sdcard+0
0x08A0	0x7469 ;?ICS?lstr3_sdcard+2
0x08A2	0x2065 ;?ICS?lstr3_sdcard+4
0x08A4	0x7573 ;?ICS?lstr3_sdcard+6
0x08A6	0x6363 ;?ICS?lstr3_sdcard+8
0x08A8	0x7365 ;?ICS?lstr3_sdcard+10
0x08AA	0x0073 ;?ICS?lstr3_sdcard+12
; end of ?ICS?lstr3_sdcard
;sdcard.c,0 :: ?ICS?lstr1_sdcard
0x08AC	0x6F63 ;?ICS?lstr1_sdcard+0
0x08AE	0x6E6E ;?ICS?lstr1_sdcard+2
0x08B0	0x6365 ;?ICS?lstr1_sdcard+4
0x08B2	0x6574 ;?ICS?lstr1_sdcard+6
0x08B4	0x0064 ;?ICS?lstr1_sdcard+8
; end of ?ICS?lstr1_sdcard
;sdcard.c,0 :: ?ICS?lstr2_sdcard
0x08B6	0x6F6E ;?ICS?lstr2_sdcard+0
0x08B8	0x2074 ;?ICS?lstr2_sdcard+2
0x08BA	0x6F63 ;?ICS?lstr2_sdcard+4
0x08BC	0x6E6E ;?ICS?lstr2_sdcard+6
0x08BE	0x6365 ;?ICS?lstr2_sdcard+8
0x08C0	0x6574 ;?ICS?lstr2_sdcard+10
0x08C2	0x0064 ;?ICS?lstr2_sdcard+12
; end of ?ICS?lstr2_sdcard
;sdcard.c,0 :: ?ICS?lstr6_sdcard
0x08C4	0x7277 ;?ICS?lstr6_sdcard+0
0x08C6	0x7469 ;?ICS?lstr6_sdcard+2
0x08C8	0x2065 ;?ICS?lstr6_sdcard+4
0x08CA	0x6F6E ;?ICS?lstr6_sdcard+6
0x08CC	0x2074 ;?ICS?lstr6_sdcard+8
0x08CE	0x7573 ;?ICS?lstr6_sdcard+10
0x08D0	0x6363 ;?ICS?lstr6_sdcard+12
0x08D2	0x7365 ;?ICS?lstr6_sdcard+14
0x08D4	0x0073 ;?ICS?lstr6_sdcard+16
; end of ?ICS?lstr6_sdcard
;__Lib_Mmc.c,0 :: ?ICS__Lib_Mmc_cardType
0x08D6	0x00 ;?ICS__Lib_Mmc_cardType+0
; end of ?ICS__Lib_Mmc_cardType
Symbol List:
//** Routines locations **
//ADDRESS    SIZE    PROCEDURE
//----------------------------------------------
0x001C      [18]    _SPI1_Read
0x002E      [24]    _____DoIFC
0x0046       [4]    __Lib_Mmc_Mmc_Select
0x004A     [210]    __Lib_Mmc_Mmc_Send_Command
0x011C      [26]    __Lib_Mmc_Mmc_DeSelect
0x0136      [14]    _UART1_Write
0x0144     [334]    __Lib_Mmc_Mmc_UnIdle
0x0292      [52]    _UART1_Write_Text
0x02C6      [50]    _SPI1_Init
0x02F8      [16]    ___CC2DW
0x0308      [88]    _UART1_Init
0x0360     [392]    _Mmc_Write_Sector
0x04E8     [264]    _Mmc_Read_Sector
0x05F0     [324]    _Mmc_Init
0x0734     [330]    _main
//** Variables locations ** 
//ADDRESS    SIZE    VARIABLE
//----------------------------------------------
0x0000       [1]    FLASH_Erase_64_SaveINTCON_L0
0x0000       [1]    R0
0x0000       [1]    EEPROM_Write_SaveINTCON_L0
0x0000       [1]    SPI1_Write_tmp_L0
0x0000       [1]    UART1_Init_tmp_L0
0x0000       [1]    __Lib_SoftI2C_PutZerosToLATSda_temp_sda_L0
0x0000       [1]    __Lib_SoftI2C_PutZerosToLATScl_temp_scl_L0
0x0001       [1]    I2C1_Rd_tmp_L0
0x0001       [1]    FLASH_Erase_Write_64_i_L0
0x0001       [1]    FLASH_Write_8_i_L0
0x0001       [1]    R1
0x0001       [1]    __Lib_PS2_Wait_Falling_nsample_L0
0x0001       [1]    ispunct_rslt_L0
0x0001       [2]    FLASH_Read_N_Bytes_i_L0
0x0001       [1]    UART1_Read___tmp_UART1_Read_L0
0x0002       [1]    FLASH_Write_8_SaveINTCON_L0
0x0002       [1]    R2
0x0002       [2]    strlen_cp_L0
0x0002       [2]    memset_pp_L0
0x0002       [1]    FLASH_Erase_Write_64_j_L0
0x0002       [2]    memcpy_dd_L0
0x0002       [2]    memchr_s_L0
0x0003       [2]    MM_TotalFreeMemSize_Tot_L0
0x0003       [1]    R3
0x0003       [1]    FLASH_Erase_Write_64_SaveINTCON_L0
0x0003       [2]    Ltrim_original_L0
0x0003       [1]    MM_Init_i_L0
0x0003       [2]    memmove_tt_L0
0x0003       [2]    __Lib_MmcFat16_f16_toInt_l_L0
0x0004       [2]    strcpy_cp_L0
0x0004       [1]    R4
0x0004       [2]    strncpy_cp_L0
0x0004       [2]    strncat_cp_L0
0x0004       [2]    memcpy_ss_L0
0x0004       [2]    __Lib_MemManager_MM_GetMemAlign_P_L0
0x0004       [2]    frexp_pom_L0
0x0004       [2]    strcat_cp_L0
0x0005       [2]    memmove_ff_L0
0x0005       [2]    LongIntToHex_input_half_L0
0x0005       [2]    LongWordToHex_input_half_L0
0x0005       [1]    R5
0x0005       [1]    MM_TotalFreeMemSize_i_L0
0x0005       [2]    Ltrim_p_L0
0x0006       [1]    __Lib_MemManager_MM_GetMemAlign_i_L0
0x0006       [1]    R6
0x0007       [1]    R7
0x0008       [1]    R8
0x0009       [1]    R9
0x0009       [4]    __Lib_MmcFat16_f16_toLong_l_L0
0x000A       [1]    R10
0x000B       [1]    R11
0x000C       [1]    R12
0x000D       [1]    R13
0x000E       [1]    R14
0x000F       [1]    R15
0x0010       [1]    R16
0x0011       [1]    R17
0x0012       [1]    R18
0x0013       [1]    R19
0x0014       [1]    R20
0x0015      [18]    ?lstr4_sdcard
0x0027      [14]    ?lstr5_sdcard
0x0035      [14]    ?lstr3_sdcard
0x0043      [10]    ?lstr1_sdcard
0x004D      [14]    ?lstr2_sdcard
0x005B      [18]    ?lstr6_sdcard
0x006D       [1]    __Lib_Mmc_cardType
0x006E     [512]    _read
0x026E     [512]    _buf
0x046E       [4]    _UART_Rd_Ptr
0x0472       [4]    _UART_Rdy_Ptr
0x0476       [4]    _UART_Tx_Idle_Ptr
0x047A       [4]    _UART_Wr_Ptr
0x047E       [4]    _SPI_Rd_Ptr
0x0482       [4]    _SPI_Wr_Ptr
0x0486       [2]    FARG_UART1_Write_Text_uart_text
0x0486       [2]    Mmc_Init_cnt_L0
0x0486       [4]    FARG_Mmc_Write_Sector_sector
0x0486       [4]    FARG_Mmc_Read_Sector_sector
0x0488       [1]    UART1_Write_Text_data__L0
0x0488       [1]    Mmc_Init_response_L0
0x0489       [1]    UART1_Write_Text_counter_L0
0x048A       [2]    FARG_Mmc_Write_Sector_dbuff
0x048A       [2]    FARG_Mmc_Read_Sector_dbuff
0x048C       [2]    Mmc_Read_Sector_i_L0
0x048C       [2]    Mmc_Write_Sector_i_L0
0x048E       [4]    Mmc_Read_Sector_byte_start_L0
0x048E       [4]    Mmc_Write_Sector_byte_start_L0
0x0492       [2]    FLOC__Mmc_Read_Sector
0x0494       [1]    FARG_UART1_Write_data_
0x0494       [1]    FARG___Lib_Mmc_Mmc_UnIdle_ctype
0x0495       [2]    __Lib_Mmc_Mmc_UnIdle_cnt_L0
0x0497       [1]    __Lib_Mmc_Mmc_UnIdle_response_L0
0x0498       [1]    __Lib_Mmc_Mmc_UnIdle_response2_L0
0x0499       [1]    FARG___Lib_Mmc_Mmc_Send_Command_partial_cmm
0x049A       [4]    FARG___Lib_Mmc_Mmc_Send_Command_content
0x049E       [1]    FARG___Lib_Mmc_Mmc_Send_Command_crc
0x049F       [1]    __Lib_Mmc_Mmc_Send_Command_response_L0
0x04A0       [2]    __Lib_Mmc_Mmc_Send_Command_timeout_L0
0x04A2       [1]    FARG_SPI1_Read_buffer
0x0F83       [0]    RD1_bit
0x0F83       [0]    RD2_bit
0x0F83       [0]    RD0_bit
0x0F8B       [0]    LATC0_bit
0x0F8B       [0]    Mmc_Chip_Select
0x0F94       [0]    Mmc_Chip_Select_Direction
0x0F94       [0]    TRISC7_bit
0x0F94       [0]    TRISC6_bit
0x0F94       [0]    TRISC5_bit
0x0F94       [0]    TRISC4_bit
0x0F94       [0]    TRISC3_bit
0x0F94       [0]    TRISC0_bit
0x0F95       [1]    TRISD
0x0F9E       [1]    PIR1
0x0FAB       [1]    RCSTA
0x0FAC       [1]    TXSTA
0x0FAD       [1]    TXREG
0x0FAE       [1]    RCREG
0x0FAF       [1]    SPBRG
0x0FC6       [1]    SSPCON1
0x0FC7       [1]    SSPSTAT
0x0FC9       [1]    SSPBUF
0x0FD8       [1]    STATUS
0x0FD9       [1]    FSR2L
0x0FDA       [1]    FSR2H
0x0FDE       [1]    POSTINC2
0x0FE0       [1]    BSR
0x0FE1       [2]    FSR1
0x0FE1       [1]    FSR1L
0x0FE2       [1]    FSR1H
0x0FE4       [1]    PREINC1
0x0FE6       [1]    POSTINC1
0x0FE7       [1]    INDF1
0x0FE8       [1]    WREG
0x0FE9       [1]    FSR0L
0x0FEA       [1]    FSR0H
0x0FEE       [1]    POSTINC0
0x0FF2       [1]    INTCON
0x0FF3       [1]    PRODL
0x0FF4       [1]    PRODH
0x0FF5       [1]    TABLAT
0x0FF6       [1]    TBLPTRL
0x0FF7       [1]    TBLPTRH
0x0FF8       [1]    TBLPTRU
0x0FFD       [1]    TOSL
0x0FFE       [1]    TOSH
0x0FFF       [1]    TOSU
//** Constants locations ** 
//ADDRESS    SIZE    CONSTANT
//----------------------------------------------
0x087E      [18]    ?ICS?lstr4_sdcard
0x0890      [14]    ?ICS?lstr5_sdcard
0x089E      [14]    ?ICS?lstr3_sdcard
0x08AC      [10]    ?ICS?lstr1_sdcard
0x08B6      [14]    ?ICS?lstr2_sdcard
0x08C4      [18]    ?ICS?lstr6_sdcard
0x08D6       [1]    ?ICS__Lib_Mmc_cardType
//** Label List: ** 
//----------------------------------------------
  L_main0
  L_main1
  L_main2
  L_main3
  L_main4
  L_main5
  L_main6
  L_main7
  L_main8
  L_main9
  L_main10
  L_main11
  L_main12
  L_main13
  L_main14
  L_main15
  L_main16
  L_end_main
  _main
  L___Lib_Mmc_Mmc_Send_Command0
  L___Lib_Mmc_Mmc_Send_Command1
  L___Lib_Mmc_Mmc_Send_Command2
  L___Lib_Mmc_Mmc_Send_Command3
  L___Lib_Mmc_Mmc_Send_Command4
  L___Lib_Mmc_Mmc_UnIdle5
  L___Lib_Mmc_Mmc_UnIdle6
  L___Lib_Mmc_Mmc_UnIdle7
  L___Lib_Mmc_Mmc_UnIdle8
  L___Lib_Mmc_Mmc_UnIdle9
  L___Lib_Mmc_Mmc_UnIdle10
  L___Lib_Mmc_Mmc_UnIdle11
  L___Lib_Mmc_Mmc_UnIdle12
  L___Lib_Mmc_Mmc_UnIdle13
  L___Lib_Mmc_Mmc_UnIdle14
  L___Lib_Mmc_Mmc_UnIdle15
  L___Lib_Mmc_Mmc_UnIdle16
  L___Lib_Mmc_Mmc_UnIdle17
  L___Lib_Mmc_Mmc_UnIdle18
  L_Mmc_Init19
  L_Mmc_Init20
  L_Mmc_Init21
  L_Mmc_Init22
  L_Mmc_Init23
  L_Mmc_Init24
  L_Mmc_Init25
  L_Mmc_Init26
  L_Mmc_Init27
  L_Mmc_Init28
  L_Mmc_Read_Sector29
  L_Mmc_Read_Sector30
  L_Mmc_Read_Sector31
  L_Mmc_Read_Sector32
  L_Mmc_Read_Sector33
  L_Mmc_Read_Sector34
  L_Mmc_Read_Sector35
  L_Mmc_Read_Sector36
  L_Mmc_Write_Sector37
  L_Mmc_Write_Sector38
  L_Mmc_Write_Sector39
  L_Mmc_Write_Sector40
  L_Mmc_Write_Sector41
  L_Mmc_Write_Sector42
  L_Mmc_Write_Sector43
  L_Mmc_Write_Sector44
  L_Mmc_Write_Sector45
  L_Mmc_Read_Cid46
  L_Mmc_Read_Cid47
  L_Mmc_Read_Cid48
  L_Mmc_Read_Cid49
  L_Mmc_Read_Cid50
  L_Mmc_Read_Cid51
  L_Mmc_Read_Csd52
  L_Mmc_Read_Csd53
  L_Mmc_Read_Csd54
  L_Mmc_Read_Csd55
  L_Mmc_Read_Csd56
  L_Mmc_Read_Csd57
  L___Lib_Mmc_Mmc_Wait_Data_Ready58
  L___Lib_Mmc_Mmc_Wait_Data_Ready59
  L_Mmc_Multi_Read_Start60
  L_Mmc_Multi_Read_Start61
  L_Mmc_Multi_Read_Start62
  L_Mmc_Multi_Read_Sector63
  L_Mmc_Multi_Read_Sector64
  L_Mmc_Multi_Read_Sector65
  L_Mmc_Multi_Read_Stop66
  L_Mmc_Multi_Read_Stop67
  L_Mmc_Multi_Read_Stop68
  L_Mmc_Multi_Read_Stop69
  L_Mmc_Multi_Read_Stop70
  L_Mmc_Multi_Read_Stop71
  L_Mmc_Multi_Read_Stop72
  L_Mmc_Multi_Read_Stop73
  L_Mmc_Multi_Read_Stop74
  L___Lib_Mmc_Mmc_Send_Command75
  L__Mmc_Multi_Read_Stop76
  L_end_Mmc_Select
  __Lib_Mmc_Mmc_Select
  L_end_Mmc_DeSelect
  __Lib_Mmc_Mmc_DeSelect
  L_end_Mmc_Send_Command
  __Lib_Mmc_Mmc_Send_Command
  L___Lib_Mmc_Mmc_Send_Command80
  L_end_Mmc_UnIdle
  __Lib_Mmc_Mmc_UnIdle
  L___Lib_Mmc_Mmc_UnIdle82
  L___Lib_Mmc_Mmc_UnIdle83
  L___Lib_Mmc_Mmc_UnIdle84
  L_end_Mmc_Init
  _Mmc_Init
  L__Mmc_Init86
  L__Mmc_Init87
  L__Mmc_Init88
  L_end_Mmc_Read_Sector
  _Mmc_Read_Sector
  L__Mmc_Read_Sector90
  L__Mmc_Read_Sector91
  L__Mmc_Read_Sector92
  L__Mmc_Read_Sector93
  L_end_Mmc_Write_Sector
  _Mmc_Write_Sector
  L__Mmc_Write_Sector95
  L__Mmc_Write_Sector96
  L__Mmc_Write_Sector97
  L__Mmc_Write_Sector98
  L__Mmc_Write_Sector99
  L_end_Mmc_Read_Cid
  _Mmc_Read_Cid
  L_end_Mmc_Read_Csd
  _Mmc_Read_Csd
  L_end_Mmc_Wait_Data_Ready
  __Lib_Mmc_Mmc_Wait_Data_Ready
  L_end_Mmc_Multi_Read_Start
  _Mmc_Multi_Read_Start
  L__Mmc_Multi_Read_Start104
  L__Mmc_Multi_Read_Start105
  L__Mmc_Multi_Read_Start106
  L_end_Mmc_Multi_Read_Sector
  _Mmc_Multi_Read_Sector
  L__Mmc_Multi_Read_Sector108
  L_end_Mmc_Multi_Read_Stop
  _Mmc_Multi_Read_Stop
  L__Mmc_Multi_Read_Stop110
  L_SPI1_Init_Advanced0
  L_SPI1_Init_Advanced1
  L_SPI1_Init_Advanced2
  L_SPI1_Init_Advanced3
  L_SPI1_Init_Advanced4
  L_SPI1_Init_Advanced5
  L_SPI1_Read6
  L_SPI1_Read7
  L_SPI1_Write8
  L_SPI1_Write9
  L_end_SPI1_Init
  _SPI1_Init
  L_end_SPI1_Init_Advanced
  _SPI1_Init_Advanced
  L_end_SPI1_Read
  _SPI1_Read
  L_end_SPI1_Write
  _SPI1_Write
  L_end_SPI_Set_Active
  _SPI_Set_Active
  L_end_SPI_Read
  _SPI_Read
  L_end_SPI_Write
  _SPI_Write
  _CC2D_Loop1
  _CC2DL_Loop1
  L_loopCA2AWs
  L_loopCCA2AWs
  L_loopCS2Ss
  L_CS2Send
  L_loopCCS2Ss
  L_CCS2Send
  L_loopFZinSWs
  L_longjmp7
  L_end___CC2D
  ___CC2D
  L_end___CC2DW
  ___CC2DW
  L_end___CA2AW
  ___CA2AW
  L_end___CCA2AW
  ___CCA2AW
  L_end___CS2S
  ___CS2S
  L_end___CCS2S
  ___CCS2S
  L_end___FZinS
  ___FZinS
  L_end_____DoIFC
  _____DoIFC
  L_end_Swap
  _Swap
  L_end_setjmp
  _setjmp
  L_end_longjmp
  _longjmp
  L_UART1_Init0
  L_UART1_Init1
  L_UART1_Read2
  L_UART1_Write3
  L_UART1_Write4
  L_UART1_Write_Text5
  L_UART1_Write_Text6
  L_UART1_Read_Text7
  L_UART1_Read_Text8
  L_UART1_Read_Text9
  L_UART1_Read_Text10
  L_UART1_Read_Text11
  L_UART1_Read_Text12
  L_UART1_Read_Text13
  L_UART1_Read_Text14
  L_UART1_Read_Text15
  L_UART_Write_Text16
  L_UART_Write_Text17
  L_UART_Read_Text18
  L_UART_Read_Text19
  L_UART_Read_Text20
  L_UART_Read_Text21
  L_UART_Read_Text22
  L_UART_Read_Text23
  L_UART_Read_Text24
  L_UART_Read_Text25
  L_UART_Read_Text26
  L_end_UART1_Init
  _UART1_Init
  L_end_UART1_Data_Ready
  _UART1_Data_Ready
  L_end_UART1_Read
  _UART1_Read
  L_end_UART1_Tx_Idle
  _UART1_Tx_Idle
  L_end_UART1_Write
  _UART1_Write
  L_end_UART1_Write_Text
  _UART1_Write_Text
  L_end_UART1_Read_Text
  _UART1_Read_Text
  L_end_UART_Set_Active
  _UART_Set_Active
  L_end_UART_Write
  _UART_Write
  L_end_UART_Write_Text
  _UART_Write_Text
  L_end_UART_Read
  _UART_Read
  L_end_UART_Data_Ready
  _UART_Data_Ready
  L_end_UART_Read_Text
  _UART_Read_Text
  L_end_UART_Tx_Idle
  _UART_Tx_Idle
